2026-06-19 00:58:09,922 [Worker-3: Loading available Gradle versions] INFO  o.e.b.c.i.u.g.PublishedGradleVersions - Gradle version information cache is up-to-date. Trying to read.
2026-06-19 01:00:31,477 [Worker-4: Creating project "ecommerce.cep"] INFO  o.e.m.c.i.l.LifecycleMappingFactory - Using org.eclipse.m2e.jdt.JarLifecycleMapping lifecycle mapping for MavenProject: br.edu.utfpr.td.tsi:ecommerce.cep:0.0.1-SNAPSHOT @ C:\Users\Particular\Desktop\A2ASD\ecommerce.cep\pom.xml.
2026-06-19 01:00:35,867 [Worker-4: Creating project "ecommerce.cep"] INFO  o.e.m.j.i.AbstractJavaProjectConfigurator - Adding source folder /ecommerce.cep/src/main/java
2026-06-19 01:00:35,872 [Worker-4: Creating project "ecommerce.cep"] INFO  o.e.m.j.i.AbstractJavaProjectConfigurator - Adding resource folder /ecommerce.cep/src/main/resources
2026-06-19 01:00:35,876 [Worker-4: Creating project "ecommerce.cep"] INFO  o.e.m.j.i.AbstractJavaProjectConfigurator - Adding source folder /ecommerce.cep/src/test/java
2026-06-19 01:00:35,876 [Worker-4: Creating project "ecommerce.cep"] INFO  o.e.m.j.i.AbstractJavaProjectConfigurator - Adding resource folder /ecommerce.cep/src/test/resources
2026-06-19 01:00:41,723 [Worker-4: Building] WARN  o.e.m.c.i.embedder.EclipseLogger - Using platform encoding (Cp1252 actually) to copy filtered resources, i.e. build is platform dependent!
2026-06-19 01:00:41,747 [Worker-4: Building] INFO  o.e.m.c.i.embedder.EclipseLogger - Copying 0 resource
2026-06-19 01:00:41,751 [Worker-4: Building] WARN  o.e.m.c.i.embedder.EclipseLogger - Using platform encoding (Cp1252 actually) to copy filtered resources, i.e. build is platform dependent!
2026-06-19 01:00:41,754 [Worker-4: Building] INFO  o.e.m.c.i.embedder.EclipseLogger - Copying 0 resource
2026-06-19 01:01:59,242 [Worker-13: Building] INFO  o.e.m.c.i.l.LifecycleMappingFactory - Using org.eclipse.m2e.jdt.JarLifecycleMapping lifecycle mapping for MavenProject: br.edu.utfpr.td.tsi:ecommerce.cep:0.0.1-SNAPSHOT @ C:\Users\Particular\Desktop\A2ASD\ecommerce.cep\pom.xml.
2026-06-19 01:02:00,875 [Worker-13: Building] INFO  o.a.m.s.f.DefaultMavenResourcesFiltering - Copying 0 resource from src\main\resources to target\classes
2026-06-19 01:02:00,876 [Worker-13: Building] INFO  o.a.m.s.f.DefaultMavenResourcesFiltering - Copying 0 resource from src\main\resources to target\classes
2026-06-19 01:02:00,888 [Worker-13: Building] INFO  o.a.m.s.f.DefaultMavenResourcesFiltering - Copying 0 resource from src\test\resources to target\test-classes
2026-06-19 01:02:04,970 [Worker-16: Building] INFO  o.a.m.s.f.DefaultMavenResourcesFiltering - Copying 0 resource from src\main\resources to target\classes
2026-06-19 01:02:04,972 [Worker-16: Building] INFO  o.a.m.s.f.DefaultMavenResourcesFiltering - Copying 0 resource from src\main\resources to target\classes
2026-06-19 01:02:04,980 [Worker-16: Building] INFO  o.a.m.s.f.DefaultMavenResourcesFiltering - Copying 0 resource from src\test\resources to target\test-classes
2026-06-19 01:03:02,083 [Worker-4: Building] INFO  o.a.m.s.f.DefaultMavenResourcesFiltering - Copying 0 resource from src\main\resources to target\classes
2026-06-19 01:03:02,136 [Worker-4: Building] INFO  o.a.m.s.f.DefaultMavenResourcesFiltering - Copying 0 resource from src\main\resources to target\classes
2026-06-19 01:03:02,147 [Worker-4: Building] INFO  o.a.m.s.f.DefaultMavenResourcesFiltering - Copying 0 resource from src\test\resources to target\test-classes
2026-06-19 01:04:09,977 [Worker-17: Building] INFO  o.a.m.s.f.DefaultMavenResourcesFiltering - Copying 0 resource from src\main\resources to target\classes
2026-06-19 01:04:10,004 [Worker-17: Building] INFO  o.a.m.s.f.DefaultMavenResourcesFiltering - Copying 0 resource from src\main\resources to target\classes
2026-06-19 01:04:10,014 [Worker-17: Building] INFO  o.a.m.s.f.DefaultMavenResourcesFiltering - Copying 0 resource from src\test\resources to target\test-classes
2026-06-19 01:04:15,009 [Worker-18: Building] INFO  o.a.m.s.f.DefaultMavenResourcesFiltering - Copying 0 resource from src\main\resources to target\classes
2026-06-19 01:04:15,012 [Worker-18: Building] INFO  o.a.m.s.f.DefaultMavenResourcesFiltering - Copying 0 resource from src\main\resources to target\classes
2026-06-19 01:04:15,021 [Worker-18: Building] INFO  o.a.m.s.f.DefaultMavenResourcesFiltering - Copying 0 resource from src\test\resources to target\test-classes
2026-06-19 01:04:44,170 [Worker-18: Building] INFO  o.a.m.s.f.DefaultMavenResourcesFiltering - Copying 0 resource from src\main\resources to target\classes
2026-06-19 01:04:44,171 [Worker-18: Building] INFO  o.a.m.s.f.DefaultMavenResourcesFiltering - Copying 0 resource from src\main\resources to target\classes
2026-06-19 01:04:44,177 [Worker-18: Building] INFO  o.a.m.s.f.DefaultMavenResourcesFiltering - Copying 0 resource from src\test\resources to target\test-classes
2026-06-19 01:05:03,678 [Worker-16: Building] INFO  o.a.m.s.f.DefaultMavenResourcesFiltering - Copying 0 resource from src\main\resources to target\classes
2026-06-19 01:05:03,714 [Worker-16: Building] INFO  o.a.m.s.f.DefaultMavenResourcesFiltering - Copying 0 resource from src\main\resources to target\classes
2026-06-19 01:05:03,722 [Worker-16: Building] INFO  o.a.m.s.f.DefaultMavenResourcesFiltering - Copying 0 resource from src\test\resources to target\test-classes
2026-06-19 01:05:33,236 [Worker-4: Building] INFO  o.a.m.s.f.DefaultMavenResourcesFiltering - Copying 0 resource from src\main\resources to target\classes
2026-06-19 01:05:33,237 [Worker-4: Building] INFO  o.a.m.s.f.DefaultMavenResourcesFiltering - Copying 0 resource from src\main\resources to target\classes
2026-06-19 01:05:33,250 [Worker-4: Building] INFO  o.a.m.s.f.DefaultMavenResourcesFiltering - Copying 0 resource from src\test\resources to target\test-classes
2026-06-19 01:07:05,798 [Worker-16: Importing Maven projects] INFO  o.e.m.c.i.l.LifecycleMappingFactory - Using org.eclipse.m2e.jdt.JarLifecycleMapping lifecycle mapping for MavenProject: br.edu.utfpr.td.tsi:ecommerce.email:0.0.1-SNAPSHOT @ C:\Users\Particular\Desktop\A2ASD-EcommerceCoreografiaOrquestracao\ecommerce.email\pom.xml.
2026-06-19 01:07:08,015 [Worker-16: Importing Maven projects] INFO  o.e.m.j.i.AbstractJavaProjectConfigurator - Adding source folder /ecommerce.email/src/main/java
2026-06-19 01:07:08,016 [Worker-16: Importing Maven projects] INFO  o.e.m.j.i.AbstractJavaProjectConfigurator - Adding resource folder /ecommerce.email/src/main/resources
2026-06-19 01:07:08,018 [Worker-16: Importing Maven projects] INFO  o.e.m.j.i.AbstractJavaProjectConfigurator - Adding resource folder /ecommerce.email/src/main/resources
2026-06-19 01:07:08,019 [Worker-16: Importing Maven projects] INFO  o.e.m.j.i.AbstractJavaProjectConfigurator - Adding source folder /ecommerce.email/src/test/java
2026-06-19 01:07:08,020 [Worker-16: Importing Maven projects] INFO  o.e.m.j.i.AbstractJavaProjectConfigurator - Adding resource folder /ecommerce.email/src/test/resources
2026-06-19 01:07:08,480 [Worker-16: Importing Maven projects] INFO  o.e.m.c.i.p.ProjectConfigurationManager - Imported and configured 1 project(s) in 14 sec
2026-06-19 01:07:13,764 [Worker-23: Building] INFO  o.a.m.s.f.DefaultMavenResourcesFiltering - Copying 0 resource from src\main\resources to target\classes
2026-06-19 01:07:13,765 [Worker-23: Building] INFO  o.a.m.s.f.DefaultMavenResourcesFiltering - Copying 0 resource from src\main\resources to target\classes
2026-06-19 01:07:13,770 [Worker-23: Building] INFO  o.a.m.s.f.DefaultMavenResourcesFiltering - Copying 0 resource from src\test\resources to target\test-classes
2026-06-19 01:07:46,243 [Worker-15: Importing Maven projects] INFO  o.e.m.c.i.l.LifecycleMappingFactory - Using org.eclipse.m2e.jdt.JarLifecycleMapping lifecycle mapping for MavenProject: br.edu.utfpr.td.tsi:ecommerce.entrega:0.0.1-SNAPSHOT @ C:\Users\Particular\Desktop\A2ASD-EcommerceCoreografiaOrquestracao\ecommerce.entrega\pom.xml.
2026-06-19 01:07:47,848 [Worker-15: Importing Maven projects] INFO  o.e.m.j.i.AbstractJavaProjectConfigurator - Adding source folder /ecommerce.entrega/src/main/java
2026-06-19 01:07:47,851 [Worker-15: Importing Maven projects] INFO  o.e.m.j.i.AbstractJavaProjectConfigurator - Adding resource folder /ecommerce.entrega/src/main/resources
2026-06-19 01:07:47,854 [Worker-15: Importing Maven projects] INFO  o.e.m.j.i.AbstractJavaProjectConfigurator - Adding resource folder /ecommerce.entrega/src/main/resources
2026-06-19 01:07:47,855 [Worker-15: Importing Maven projects] INFO  o.e.m.j.i.AbstractJavaProjectConfigurator - Adding source folder /ecommerce.entrega/src/test/java
2026-06-19 01:07:47,855 [Worker-15: Importing Maven projects] INFO  o.e.m.j.i.AbstractJavaProjectConfigurator - Adding resource folder /ecommerce.entrega/src/test/resources
2026-06-19 01:07:48,159 [Worker-15: Importing Maven projects] INFO  o.e.m.c.i.p.ProjectConfigurationManager - Imported and configured 1 project(s) in 3 sec
2026-06-19 01:07:49,917 [Worker-21: Building] INFO  o.a.m.s.f.DefaultMavenResourcesFiltering - Copying 0 resource from src\main\resources to target\classes
2026-06-19 01:07:49,918 [Worker-21: Building] INFO  o.a.m.s.f.DefaultMavenResourcesFiltering - Copying 0 resource from src\main\resources to target\classes
2026-06-19 01:07:49,922 [Worker-21: Building] INFO  o.a.m.s.f.DefaultMavenResourcesFiltering - Copying 0 resource from src\test\resources to target\test-classes
2026-06-19 01:08:12,284 [Worker-16: Importing Maven projects] INFO  o.e.m.c.i.l.LifecycleMappingFactory - Using org.eclipse.m2e.jdt.JarLifecycleMapping lifecycle mapping for MavenProject: br.edu.utfpr.td.tsi:ecommerce.fiscal:0.0.1-SNAPSHOT @ C:\Users\Particular\Desktop\A2ASD-EcommerceCoreografiaOrquestracao\ecommerce.fiscal\pom.xml.
2026-06-19 01:08:12,952 [Worker-16: Importing Maven projects] INFO  o.e.m.j.i.AbstractJavaProjectConfigurator - Adding source folder /ecommerce.fiscal/src/main/java
2026-06-19 01:08:12,954 [Worker-16: Importing Maven projects] INFO  o.e.m.j.i.AbstractJavaProjectConfigurator - Adding resource folder /ecommerce.fiscal/src/main/resources
2026-06-19 01:08:12,955 [Worker-16: Importing Maven projects] INFO  o.e.m.j.i.AbstractJavaProjectConfigurator - Adding resource folder /ecommerce.fiscal/src/main/resources
2026-06-19 01:08:12,956 [Worker-16: Importing Maven projects] INFO  o.e.m.j.i.AbstractJavaProjectConfigurator - Adding source folder /ecommerce.fiscal/src/test/java
2026-06-19 01:08:12,957 [Worker-16: Importing Maven projects] INFO  o.e.m.j.i.AbstractJavaProjectConfigurator - Adding resource folder /ecommerce.fiscal/src/test/resources
2026-06-19 01:08:13,314 [Worker-16: Importing Maven projects] INFO  o.e.m.c.i.p.ProjectConfigurationManager - Imported and configured 1 project(s) in 2 sec
2026-06-19 01:08:15,985 [Worker-20: Building] INFO  o.a.m.s.f.DefaultMavenResourcesFiltering - Copying 0 resource from src\main\resources to target\classes
2026-06-19 01:08:16,115 [Worker-20: Building] INFO  o.a.m.s.f.DefaultMavenResourcesFiltering - Copying 0 resource from src\main\resources to target\classes
2026-06-19 01:08:16,129 [Worker-20: Building] INFO  o.a.m.s.f.DefaultMavenResourcesFiltering - Copying 0 resource from src\test\resources to target\test-classes
2026-06-19 01:08:32,424 [Worker-22: Importing Maven projects] INFO  o.e.m.c.i.l.LifecycleMappingFactory - Using org.eclipse.m2e.jdt.JarLifecycleMapping lifecycle mapping for MavenProject: br.edu.utfpr.td.tsi:ecommerce.loja:0.0.1-SNAPSHOT @ C:\Users\Particular\Desktop\A2ASD-EcommerceCoreografiaOrquestracao\ecommerce.loja\pom.xml.
2026-06-19 01:08:32,780 [Worker-22: Importing Maven projects] WARN  o.e.m.c.i.embedder.EclipseLogger - The POM for br.edu.utfpr.td.tsi:ecommerce.produtos:jar:0.0.1-SNAPSHOT is missing, no dependency information available
2026-06-19 01:08:33,559 [Worker-22: Importing Maven projects] INFO  o.e.m.j.i.AbstractJavaProjectConfigurator - Adding source folder /ecommerce.loja/src/main/java
2026-06-19 01:08:33,560 [Worker-22: Importing Maven projects] INFO  o.e.m.j.i.AbstractJavaProjectConfigurator - Adding resource folder /ecommerce.loja/src/main/resources
2026-06-19 01:08:33,563 [Worker-22: Importing Maven projects] INFO  o.e.m.j.i.AbstractJavaProjectConfigurator - Adding resource folder /ecommerce.loja/src/main/resources
2026-06-19 01:08:33,573 [Worker-22: Importing Maven projects] INFO  o.e.m.j.i.AbstractJavaProjectConfigurator - Adding source folder /ecommerce.loja/src/test/java
2026-06-19 01:08:33,574 [Worker-22: Importing Maven projects] INFO  o.e.m.j.i.AbstractJavaProjectConfigurator - Adding resource folder /ecommerce.loja/src/test/resources
2026-06-19 01:08:33,849 [Worker-22: Importing Maven projects] INFO  o.e.m.c.i.p.ProjectConfigurationManager - Imported and configured 1 project(s) in 2 sec
2026-06-19 01:08:35,202 [Worker-20: Building] WARN  o.e.m.c.i.embedder.EclipseLogger - The POM for br.edu.utfpr.td.tsi:ecommerce.produtos:jar:0.0.1-SNAPSHOT is missing, no dependency information available
2026-06-19 01:08:35,302 [Worker-20: Building] INFO  o.a.m.s.f.DefaultMavenResourcesFiltering - Copying 0 resource from src\main\resources to target\classes
2026-06-19 01:08:35,308 [Worker-20: Building] INFO  o.a.m.s.f.DefaultMavenResourcesFiltering - Copying 5 resources from src\main\resources to target\classes
2026-06-19 01:08:35,384 [Worker-20: Building] INFO  o.a.m.s.f.DefaultMavenResourcesFiltering - Copying 0 resource from src\test\resources to target\test-classes
2026-06-19 01:08:35,514 [Worker-16: Download sources and javadoc] ERROR o.e.m.j.internal.DownloadSourcesJob - Could not download sources for br.edu.utfpr.td.tsi:ecommerce.produtos:0.0.1-SNAPSHOT
org.eclipse.core.runtime.CoreException: Could not resolve artifact br.edu.utfpr.td.tsi:ecommerce.produtos:jar:sources:0.0.1-SNAPSHOT
	at org.eclipse.m2e.core.internal.embedder.MavenImpl.lambda$4(MavenImpl.java:828) ~[na:na]
	at org.eclipse.m2e.core.internal.embedder.MavenExecutionContext.executeBare(MavenExecutionContext.java:182) ~[na:na]
	at org.eclipse.m2e.core.internal.embedder.MavenExecutionContext.execute(MavenExecutionContext.java:117) ~[na:na]
	at org.eclipse.m2e.core.internal.embedder.MavenExecutionContext.execute(MavenExecutionContext.java:103) ~[na:na]
	at org.eclipse.m2e.core.internal.embedder.MavenImpl.resolve(MavenImpl.java:796) ~[na:na]
	at org.eclipse.m2e.core.internal.embedder.MavenImpl.resolve(MavenImpl.java:773) ~[na:na]
	at org.eclipse.m2e.jdt.internal.DownloadSourcesJob.download(DownloadSourcesJob.java:311) ~[na:na]
	at org.eclipse.m2e.jdt.internal.DownloadSourcesJob.downloadAttachments(DownloadSourcesJob.java:285) ~[na:na]
	at org.eclipse.m2e.jdt.internal.DownloadSourcesJob.downloadMaven(DownloadSourcesJob.java:255) ~[na:na]
	at org.eclipse.m2e.jdt.internal.DownloadSourcesJob.downloadFilesAndPopulateToUpdate(DownloadSourcesJob.java:223) ~[na:na]
	at org.eclipse.m2e.jdt.internal.DownloadSourcesJob.lambda$0(DownloadSourcesJob.java:152) ~[na:na]
	at org.eclipse.m2e.core.internal.embedder.MavenExecutionContext.executeBare(MavenExecutionContext.java:182) ~[na:na]
	at org.eclipse.m2e.core.internal.embedder.MavenExecutionContext.execute(MavenExecutionContext.java:156) ~[na:na]
	at org.eclipse.m2e.core.internal.embedder.MavenExecutionContext.execute(MavenExecutionContext.java:103) ~[na:na]
	at org.eclipse.m2e.core.internal.embedder.MavenImpl.execute(MavenImpl.java:1416) ~[na:na]
	at org.eclipse.m2e.jdt.internal.DownloadSourcesJob.run(DownloadSourcesJob.java:152) ~[na:na]
	at org.eclipse.core.internal.jobs.Worker.run(Worker.java:63) ~[org.eclipse.core.jobs_3.13.0.v20220512-1935.jar:na]
2026-06-19 01:08:58,956 [Worker-15: Importing Maven projects] INFO  o.e.m.c.i.l.LifecycleMappingFactory - Using org.eclipse.m2e.jdt.JarLifecycleMapping lifecycle mapping for MavenProject: br.edu.utfpr.td.tsi:ecommerce.pagamento:0.0.1-SNAPSHOT @ C:\Users\Particular\Desktop\A2ASD-EcommerceCoreografiaOrquestracao\ecommerce.pagamento\pom.xml.
2026-06-19 01:08:59,596 [Worker-15: Importing Maven projects] INFO  o.e.m.j.i.AbstractJavaProjectConfigurator - Adding source folder /ecommerce.pagamento/src/main/java
2026-06-19 01:08:59,596 [Worker-15: Importing Maven projects] INFO  o.e.m.j.i.AbstractJavaProjectConfigurator - Adding resource folder /ecommerce.pagamento/src/main/resources
2026-06-19 01:08:59,597 [Worker-15: Importing Maven projects] INFO  o.e.m.j.i.AbstractJavaProjectConfigurator - Adding resource folder /ecommerce.pagamento/src/main/resources
2026-06-19 01:08:59,598 [Worker-15: Importing Maven projects] INFO  o.e.m.j.i.AbstractJavaProjectConfigurator - Adding source folder /ecommerce.pagamento/src/test/java
2026-06-19 01:08:59,598 [Worker-15: Importing Maven projects] INFO  o.e.m.j.i.AbstractJavaProjectConfigurator - Adding resource folder /ecommerce.pagamento/src/test/resources
2026-06-19 01:09:00,028 [Worker-15: Importing Maven projects] INFO  o.e.m.c.i.p.ProjectConfigurationManager - Imported and configured 1 project(s) in 2 sec
2026-06-19 01:09:01,524 [Worker-16: Building] INFO  o.a.m.s.f.DefaultMavenResourcesFiltering - Copying 0 resource from src\main\resources to target\classes
2026-06-19 01:09:01,526 [Worker-16: Building] INFO  o.a.m.s.f.DefaultMavenResourcesFiltering - Copying 0 resource from src\main\resources to target\classes
2026-06-19 01:09:01,529 [Worker-16: Building] INFO  o.a.m.s.f.DefaultMavenResourcesFiltering - Copying 0 resource from src\test\resources to target\test-classes
2026-06-19 01:09:25,099 [Worker-22: Importing Maven projects] INFO  o.e.m.c.i.l.LifecycleMappingFactory - Using org.eclipse.m2e.jdt.JarLifecycleMapping lifecycle mapping for MavenProject: br.edu.utfpr.td.tsi:ecommerce.produtos:0.0.1-SNAPSHOT @ C:\Users\Particular\Desktop\A2ASD-EcommerceCoreografiaOrquestracao\ecommerce.produtos\pom.xml.
2026-06-19 01:09:25,912 [Worker-22: Importing Maven projects] INFO  o.e.m.c.i.l.LifecycleMappingFactory - Using org.eclipse.m2e.jdt.JarLifecycleMapping lifecycle mapping for MavenProject: br.edu.utfpr.td.tsi:ecommerce.loja:0.0.1-SNAPSHOT @ C:\Users\Particular\Desktop\A2ASD-EcommerceCoreografiaOrquestracao\ecommerce.loja\pom.xml.
2026-06-19 01:09:26,163 [Worker-22: Importing Maven projects] INFO  o.e.m.c.i.p.WorkspaceClassifierResolverManager - Resolving P/ecommerce.produtos: br.edu.utfpr.td.tsi:ecommerce.produtos:0.0.1-SNAPSHOT with classifier  to /ecommerce.produtos/target/classes
2026-06-19 01:09:28,939 [Worker-22: Importing Maven projects] INFO  o.e.m.j.i.AbstractJavaProjectConfigurator - Adding source folder /ecommerce.produtos/src/main/java
2026-06-19 01:09:28,941 [Worker-22: Importing Maven projects] INFO  o.e.m.j.i.AbstractJavaProjectConfigurator - Adding source folder /ecommerce.produtos/src/test/java
2026-06-19 01:09:29,279 [Worker-22: Importing Maven projects] INFO  o.e.m.c.i.p.ProjectConfigurationManager - Imported and configured 1 project(s) in 5 sec
2026-06-19 01:09:34,245 [Worker-21: Building] INFO  o.a.m.s.f.DefaultMavenResourcesFiltering - skip non existing resourceDirectory C:\Users\Particular\Desktop\A2ASD-EcommerceCoreografiaOrquestracao\ecommerce.produtos\src\main\resources
2026-06-19 01:09:34,246 [Worker-21: Building] INFO  o.a.m.s.f.DefaultMavenResourcesFiltering - skip non existing resourceDirectory C:\Users\Particular\Desktop\A2ASD-EcommerceCoreografiaOrquestracao\ecommerce.produtos\src\main\resources
2026-06-19 01:09:34,251 [Worker-21: Building] INFO  o.a.m.s.f.DefaultMavenResourcesFiltering - skip non existing resourceDirectory C:\Users\Particular\Desktop\A2ASD-EcommerceCoreografiaOrquestracao\ecommerce.produtos\src\test\resources
2026-06-19 01:09:48,940 [Worker-20: Building] INFO  o.e.m.c.i.p.WorkspaceClassifierResolverManager - Resolving P/ecommerce.produtos: br.edu.utfpr.td.tsi:ecommerce.produtos:0.0.1-SNAPSHOT with classifier  to /ecommerce.produtos/target/classes
2026-06-19 01:09:48,977 [Worker-20: Building] INFO  o.a.m.s.f.DefaultMavenResourcesFiltering - Copying 0 resource from src\main\resources to target\classes
2026-06-19 01:09:48,983 [Worker-20: Building] INFO  o.a.m.s.f.DefaultMavenResourcesFiltering - Copying 5 resources from src\main\resources to target\classes
2026-06-19 01:09:49,202 [Worker-20: Building] INFO  o.a.m.s.f.DefaultMavenResourcesFiltering - Copying 0 resource from src\test\resources to target\test-classes
2026-06-19 01:09:57,468 [Worker-16: Updating Maven Project] INFO  o.e.m.c.i.p.ProjectConfigurationManager - Update started
2026-06-19 01:10:07,498 [Worker-16: Updating Maven Project] INFO  o.e.m.c.i.l.LifecycleMappingFactory - Using org.eclipse.m2e.jdt.JarLifecycleMapping lifecycle mapping for MavenProject: br.edu.utfpr.td.tsi:ecommerce.loja:0.0.1-SNAPSHOT @ C:\Users\Particular\Desktop\A2ASD-EcommerceCoreografiaOrquestracao\ecommerce.loja\pom.xml.
2026-06-19 01:10:08,408 [Worker-16: Updating Maven Project] INFO  o.e.m.c.i.p.WorkspaceClassifierResolverManager - Resolving P/ecommerce.produtos: br.edu.utfpr.td.tsi:ecommerce.produtos:0.0.1-SNAPSHOT with classifier  to /ecommerce.produtos/target/classes
2026-06-19 01:10:08,706 [Worker-16: Updating Maven Project] INFO  o.e.m.c.i.l.LifecycleMappingFactory - Using org.eclipse.m2e.jdt.JarLifecycleMapping lifecycle mapping for MavenProject: br.edu.utfpr.td.tsi:ecommerce.pagamento:0.0.1-SNAPSHOT @ C:\Users\Particular\Desktop\A2ASD-EcommerceCoreografiaOrquestracao\ecommerce.pagamento\pom.xml.
2026-06-19 01:10:09,111 [Worker-16: Updating Maven Project] INFO  o.e.m.c.i.l.LifecycleMappingFactory - Using org.eclipse.m2e.jdt.JarLifecycleMapping lifecycle mapping for MavenProject: br.edu.utfpr.td.tsi:ecommerce.produtos:0.0.1-SNAPSHOT @ C:\Users\Particular\Desktop\A2ASD-EcommerceCoreografiaOrquestracao\ecommerce.produtos\pom.xml.
2026-06-19 01:10:09,489 [Worker-16: Updating Maven Project] INFO  o.e.m.c.i.l.LifecycleMappingFactory - Using org.eclipse.m2e.jdt.JarLifecycleMapping lifecycle mapping for MavenProject: br.edu.utfpr.td.tsi:ecommerce.entrega:0.0.1-SNAPSHOT @ C:\Users\Particular\Desktop\A2ASD-EcommerceCoreografiaOrquestracao\ecommerce.entrega\pom.xml.
2026-06-19 01:10:09,831 [Worker-16: Updating Maven Project] INFO  o.e.m.c.i.l.LifecycleMappingFactory - Using org.eclipse.m2e.jdt.JarLifecycleMapping lifecycle mapping for MavenProject: br.edu.utfpr.td.tsi:ecommerce.fiscal:0.0.1-SNAPSHOT @ C:\Users\Particular\Desktop\A2ASD-EcommerceCoreografiaOrquestracao\ecommerce.fiscal\pom.xml.
2026-06-19 01:10:10,182 [Worker-16: Updating Maven Project] INFO  o.e.m.c.i.l.LifecycleMappingFactory - Using org.eclipse.m2e.jdt.JarLifecycleMapping lifecycle mapping for MavenProject: br.edu.utfpr.td.tsi:ecommerce.email:0.0.1-SNAPSHOT @ C:\Users\Particular\Desktop\A2ASD-EcommerceCoreografiaOrquestracao\ecommerce.email\pom.xml.
2026-06-19 01:10:10,832 [Worker-16: Updating Maven Project] INFO  o.e.m.c.i.l.LifecycleMappingFactory - Using org.eclipse.m2e.jdt.JarLifecycleMapping lifecycle mapping for MavenProject: br.edu.utfpr.td.tsi:ecommerce.cep:0.0.1-SNAPSHOT @ C:\Users\Particular\Desktop\A2ASD\ecommerce.cep\pom.xml.
2026-06-19 01:10:13,586 [Worker-16: Updating Maven Project] INFO  o.e.m.j.i.AbstractJavaProjectConfigurator - Adding source folder /ecommerce.cep/src/main/java
2026-06-19 01:10:13,587 [Worker-16: Updating Maven Project] INFO  o.e.m.j.i.AbstractJavaProjectConfigurator - Adding resource folder /ecommerce.cep/src/main/resources
2026-06-19 01:10:13,610 [Worker-16: Updating Maven Project] INFO  o.e.m.j.i.AbstractJavaProjectConfigurator - Adding resource folder /ecommerce.cep/src/main/resources
2026-06-19 01:10:13,634 [Worker-16: Updating Maven Project] INFO  o.e.m.j.i.AbstractJavaProjectConfigurator - Adding source folder /ecommerce.cep/src/test/java
2026-06-19 01:10:13,635 [Worker-16: Updating Maven Project] INFO  o.e.m.j.i.AbstractJavaProjectConfigurator - Adding resource folder /ecommerce.cep/src/test/resources
2026-06-19 01:10:14,770 [Worker-16: Updating Maven Project] INFO  o.e.m.j.i.AbstractJavaProjectConfigurator - Adding source folder /ecommerce.email/src/main/java
2026-06-19 01:10:14,771 [Worker-16: Updating Maven Project] INFO  o.e.m.j.i.AbstractJavaProjectConfigurator - Adding resource folder /ecommerce.email/src/main/resources
2026-06-19 01:10:14,772 [Worker-16: Updating Maven Project] INFO  o.e.m.j.i.AbstractJavaProjectConfigurator - Adding resource folder /ecommerce.email/src/main/resources
2026-06-19 01:10:14,774 [Worker-16: Updating Maven Project] INFO  o.e.m.j.i.AbstractJavaProjectConfigurator - Adding source folder /ecommerce.email/src/test/java
2026-06-19 01:10:14,774 [Worker-16: Updating Maven Project] INFO  o.e.m.j.i.AbstractJavaProjectConfigurator - Adding resource folder /ecommerce.email/src/test/resources
2026-06-19 01:10:15,021 [Worker-16: Updating Maven Project] INFO  o.e.m.j.i.AbstractJavaProjectConfigurator - Adding source folder /ecommerce.entrega/src/main/java
2026-06-19 01:10:15,022 [Worker-16: Updating Maven Project] INFO  o.e.m.j.i.AbstractJavaProjectConfigurator - Adding resource folder /ecommerce.entrega/src/main/resources
2026-06-19 01:10:15,024 [Worker-16: Updating Maven Project] INFO  o.e.m.j.i.AbstractJavaProjectConfigurator - Adding resource folder /ecommerce.entrega/src/main/resources
2026-06-19 01:10:15,026 [Worker-16: Updating Maven Project] INFO  o.e.m.j.i.AbstractJavaProjectConfigurator - Adding source folder /ecommerce.entrega/src/test/java
2026-06-19 01:10:15,027 [Worker-16: Updating Maven Project] INFO  o.e.m.j.i.AbstractJavaProjectConfigurator - Adding resource folder /ecommerce.entrega/src/test/resources
2026-06-19 01:10:15,255 [Worker-16: Updating Maven Project] INFO  o.e.m.j.i.AbstractJavaProjectConfigurator - Adding source folder /ecommerce.fiscal/src/main/java
2026-06-19 01:10:15,256 [Worker-16: Updating Maven Project] INFO  o.e.m.j.i.AbstractJavaProjectConfigurator - Adding resource folder /ecommerce.fiscal/src/main/resources
2026-06-19 01:10:15,257 [Worker-16: Updating Maven Project] INFO  o.e.m.j.i.AbstractJavaProjectConfigurator - Adding resource folder /ecommerce.fiscal/src/main/resources
2026-06-19 01:10:15,258 [Worker-16: Updating Maven Project] INFO  o.e.m.j.i.AbstractJavaProjectConfigurator - Adding source folder /ecommerce.fiscal/src/test/java
2026-06-19 01:10:15,259 [Worker-16: Updating Maven Project] INFO  o.e.m.j.i.AbstractJavaProjectConfigurator - Adding resource folder /ecommerce.fiscal/src/test/resources
2026-06-19 01:10:15,652 [Worker-16: Updating Maven Project] INFO  o.e.m.j.i.AbstractJavaProjectConfigurator - Adding source folder /ecommerce.loja/src/main/java
2026-06-19 01:10:15,653 [Worker-16: Updating Maven Project] INFO  o.e.m.j.i.AbstractJavaProjectConfigurator - Adding resource folder /ecommerce.loja/src/main/resources
2026-06-19 01:10:15,654 [Worker-16: Updating Maven Project] INFO  o.e.m.j.i.AbstractJavaProjectConfigurator - Adding resource folder /ecommerce.loja/src/main/resources
2026-06-19 01:10:15,655 [Worker-16: Updating Maven Project] INFO  o.e.m.j.i.AbstractJavaProjectConfigurator - Adding source folder /ecommerce.loja/src/test/java
2026-06-19 01:10:15,657 [Worker-16: Updating Maven Project] INFO  o.e.m.j.i.AbstractJavaProjectConfigurator - Adding resource folder /ecommerce.loja/src/test/resources
2026-06-19 01:10:15,883 [Worker-16: Updating Maven Project] INFO  o.e.m.j.i.AbstractJavaProjectConfigurator - Adding source folder /ecommerce.pagamento/src/main/java
2026-06-19 01:10:15,884 [Worker-16: Updating Maven Project] INFO  o.e.m.j.i.AbstractJavaProjectConfigurator - Adding resource folder /ecommerce.pagamento/src/main/resources
2026-06-19 01:10:15,884 [Worker-16: Updating Maven Project] INFO  o.e.m.j.i.AbstractJavaProjectConfigurator - Adding resource folder /ecommerce.pagamento/src/main/resources
2026-06-19 01:10:15,885 [Worker-16: Updating Maven Project] INFO  o.e.m.j.i.AbstractJavaProjectConfigurator - Adding source folder /ecommerce.pagamento/src/test/java
2026-06-19 01:10:15,887 [Worker-16: Updating Maven Project] INFO  o.e.m.j.i.AbstractJavaProjectConfigurator - Adding resource folder /ecommerce.pagamento/src/test/resources
2026-06-19 01:10:16,101 [Worker-16: Updating Maven Project] INFO  o.e.m.j.i.AbstractJavaProjectConfigurator - Adding source folder /ecommerce.produtos/src/main/java
2026-06-19 01:10:16,102 [Worker-16: Updating Maven Project] INFO  o.e.m.j.i.AbstractJavaProjectConfigurator - Adding source folder /ecommerce.produtos/src/test/java
2026-06-19 01:10:16,680 [Worker-16: Updating Maven Project] INFO  o.e.m.c.i.p.ProjectConfigurationManager - Update completed: 19 sec
2026-06-19 01:10:17,942 [Worker-22: Building] INFO  o.a.m.s.f.DefaultMavenResourcesFiltering - Copying 0 resource from src\main\resources to target\classes
2026-06-19 01:10:17,943 [Worker-22: Building] INFO  o.a.m.s.f.DefaultMavenResourcesFiltering - Copying 0 resource from src\main\resources to target\classes
2026-06-19 01:10:17,949 [Worker-22: Building] INFO  o.a.m.s.f.DefaultMavenResourcesFiltering - Copying 0 resource from src\test\resources to target\test-classes
2026-06-19 01:10:19,623 [Worker-23: Building] INFO  o.a.m.s.f.DefaultMavenResourcesFiltering - Copying 0 resource from src\main\resources to target\classes
2026-06-19 01:10:19,624 [Worker-23: Building] INFO  o.a.m.s.f.DefaultMavenResourcesFiltering - Copying 0 resource from src\main\resources to target\classes
2026-06-19 01:10:19,628 [Worker-23: Building] INFO  o.a.m.s.f.DefaultMavenResourcesFiltering - Copying 0 resource from src\test\resources to target\test-classes
2026-06-19 01:10:20,430 [Worker-23: Building] INFO  o.a.m.s.f.DefaultMavenResourcesFiltering - Copying 0 resource from src\main\resources to target\classes
2026-06-19 01:10:20,432 [Worker-23: Building] INFO  o.a.m.s.f.DefaultMavenResourcesFiltering - Copying 0 resource from src\main\resources to target\classes
2026-06-19 01:10:20,435 [Worker-23: Building] INFO  o.a.m.s.f.DefaultMavenResourcesFiltering - Copying 0 resource from src\test\resources to target\test-classes
2026-06-19 01:10:21,475 [Worker-16: Building] INFO  o.a.m.s.f.DefaultMavenResourcesFiltering - Copying 0 resource from src\main\resources to target\classes
2026-06-19 01:10:21,476 [Worker-16: Building] INFO  o.a.m.s.f.DefaultMavenResourcesFiltering - Copying 0 resource from src\main\resources to target\classes
2026-06-19 01:10:21,480 [Worker-16: Building] INFO  o.a.m.s.f.DefaultMavenResourcesFiltering - Copying 0 resource from src\test\resources to target\test-classes
2026-06-19 01:10:22,631 [Worker-16: Building] INFO  o.a.m.s.f.DefaultMavenResourcesFiltering - Copying 0 resource from src\main\resources to target\classes
2026-06-19 01:10:22,632 [Worker-16: Building] INFO  o.a.m.s.f.DefaultMavenResourcesFiltering - Copying 0 resource from src\main\resources to target\classes
2026-06-19 01:10:22,636 [Worker-16: Building] INFO  o.a.m.s.f.DefaultMavenResourcesFiltering - Copying 0 resource from src\test\resources to target\test-classes
2026-06-19 01:10:23,785 [Worker-25: Building] INFO  o.a.m.s.f.DefaultMavenResourcesFiltering - skip non existing resourceDirectory C:\Users\Particular\Desktop\A2ASD-EcommerceCoreografiaOrquestracao\ecommerce.produtos\src\main\resources
2026-06-19 01:10:23,785 [Worker-25: Building] INFO  o.a.m.s.f.DefaultMavenResourcesFiltering - skip non existing resourceDirectory C:\Users\Particular\Desktop\A2ASD-EcommerceCoreografiaOrquestracao\ecommerce.produtos\src\main\resources
2026-06-19 01:10:23,789 [Worker-25: Building] INFO  o.a.m.s.f.DefaultMavenResourcesFiltering - skip non existing resourceDirectory C:\Users\Particular\Desktop\A2ASD-EcommerceCoreografiaOrquestracao\ecommerce.produtos\src\test\resources
2026-06-19 01:10:24,939 [Worker-25: Building] INFO  o.e.m.c.i.p.WorkspaceClassifierResolverManager - Resolving P/ecommerce.produtos: br.edu.utfpr.td.tsi:ecommerce.produtos:0.0.1-SNAPSHOT with classifier  to /ecommerce.produtos/target/classes
2026-06-19 01:10:24,952 [Worker-25: Building] INFO  o.a.m.s.f.DefaultMavenResourcesFiltering - Copying 0 resource from src\main\resources to target\classes
2026-06-19 01:10:24,956 [Worker-25: Building] INFO  o.a.m.s.f.DefaultMavenResourcesFiltering - Copying 5 resources from src\main\resources to target\classes
2026-06-19 01:10:25,100 [Worker-25: Building] INFO  o.a.m.s.f.DefaultMavenResourcesFiltering - Copying 0 resource from src\test\resources to target\test-classes
2026-06-19 01:17:16,993 [Worker-21: Creating project "ecommerce.email"] INFO  o.e.m.c.i.l.LifecycleMappingFactory - Using org.eclipse.m2e.jdt.JarLifecycleMapping lifecycle mapping for MavenProject: br.edu.utfpr.td.tsi:ecommerce.email:0.0.1-SNAPSHOT @ C:\Users\Particular\Desktop\A2ASD\ecommerce.email\pom.xml.
2026-06-19 01:17:18,350 [Worker-21: Creating project "ecommerce.email"] INFO  o.e.m.j.i.AbstractJavaProjectConfigurator - Adding source folder /ecommerce.email/src/main/java
2026-06-19 01:17:18,352 [Worker-21: Creating project "ecommerce.email"] INFO  o.e.m.j.i.AbstractJavaProjectConfigurator - Adding resource folder /ecommerce.email/src/main/resources
2026-06-19 01:17:18,357 [Worker-21: Creating project "ecommerce.email"] INFO  o.e.m.j.i.AbstractJavaProjectConfigurator - Adding source folder /ecommerce.email/src/test/java
2026-06-19 01:17:18,357 [Worker-21: Creating project "ecommerce.email"] INFO  o.e.m.j.i.AbstractJavaProjectConfigurator - Adding resource folder /ecommerce.email/src/test/resources
2026-06-19 01:17:19,609 [Worker-32: Building] WARN  o.e.m.c.i.embedder.EclipseLogger - Using platform encoding (Cp1252 actually) to copy filtered resources, i.e. build is platform dependent!
2026-06-19 01:17:19,658 [Worker-32: Building] INFO  o.e.m.c.i.embedder.EclipseLogger - Copying 0 resource
2026-06-19 01:17:19,663 [Worker-32: Building] WARN  o.e.m.c.i.embedder.EclipseLogger - Using platform encoding (Cp1252 actually) to copy filtered resources, i.e. build is platform dependent!
2026-06-19 01:17:19,667 [Worker-32: Building] INFO  o.e.m.c.i.embedder.EclipseLogger - Copying 0 resource
2026-06-19 01:18:17,275 [Worker-33: Building] INFO  o.e.m.c.i.l.LifecycleMappingFactory - Using org.eclipse.m2e.jdt.JarLifecycleMapping lifecycle mapping for MavenProject: br.edu.utfpr.td.tsi:ecommerce.email:0.0.1-SNAPSHOT @ C:\Users\Particular\Desktop\A2ASD\ecommerce.email\pom.xml.
2026-06-19 01:18:29,859 [Worker-33: Building] INFO  o.a.m.s.f.DefaultMavenResourcesFiltering - Copying 0 resource from src\main\resources to target\classes
2026-06-19 01:18:29,862 [Worker-33: Building] INFO  o.a.m.s.f.DefaultMavenResourcesFiltering - Copying 0 resource from src\main\resources to target\classes
2026-06-19 01:18:29,874 [Worker-33: Building] INFO  o.a.m.s.f.DefaultMavenResourcesFiltering - Copying 0 resource from src\test\resources to target\test-classes
2026-06-19 01:18:33,115 [Worker-21: Building] INFO  o.a.m.s.f.DefaultMavenResourcesFiltering - Copying 0 resource from src\main\resources to target\classes
2026-06-19 01:18:33,118 [Worker-21: Building] INFO  o.a.m.s.f.DefaultMavenResourcesFiltering - Copying 0 resource from src\main\resources to target\classes
2026-06-19 01:18:33,126 [Worker-21: Building] INFO  o.a.m.s.f.DefaultMavenResourcesFiltering - Copying 0 resource from src\test\resources to target\test-classes
2026-06-19 01:18:54,963 [Worker-28: Building] INFO  o.a.m.s.f.DefaultMavenResourcesFiltering - Copying 0 resource from src\main\resources to target\classes
2026-06-19 01:18:54,967 [Worker-28: Building] INFO  o.a.m.s.f.DefaultMavenResourcesFiltering - Copying 0 resource from src\main\resources to target\classes
2026-06-19 01:18:54,973 [Worker-28: Building] INFO  o.a.m.s.f.DefaultMavenResourcesFiltering - Copying 0 resource from src\test\resources to target\test-classes
2026-06-19 01:20:45,787 [Worker-28: Building] INFO  o.a.m.s.f.DefaultMavenResourcesFiltering - Copying 0 resource from src\main\resources to target\classes
2026-06-19 01:20:45,827 [Worker-28: Building] INFO  o.a.m.s.f.DefaultMavenResourcesFiltering - Copying 0 resource from src\main\resources to target\classes
2026-06-19 01:20:45,845 [Worker-28: Building] INFO  o.a.m.s.f.DefaultMavenResourcesFiltering - Copying 0 resource from src\test\resources to target\test-classes
2026-06-19 01:21:33,732 [Worker-35: Creating project "ecommerce.entrega"] INFO  o.e.m.c.i.l.LifecycleMappingFactory - Using org.eclipse.m2e.jdt.JarLifecycleMapping lifecycle mapping for MavenProject: br.edu.utfpr.td.tsi:ecommerce.entrega:0.0.1-SNAPSHOT @ C:\Users\Particular\Desktop\A2ASD\ecommerce.entrega\pom.xml.
2026-06-19 01:21:34,868 [Worker-35: Creating project "ecommerce.entrega"] INFO  o.e.m.j.i.AbstractJavaProjectConfigurator - Adding source folder /ecommerce.entrega/src/main/java
2026-06-19 01:21:34,876 [Worker-35: Creating project "ecommerce.entrega"] INFO  o.e.m.j.i.AbstractJavaProjectConfigurator - Adding resource folder /ecommerce.entrega/src/main/resources
2026-06-19 01:21:34,877 [Worker-35: Creating project "ecommerce.entrega"] INFO  o.e.m.j.i.AbstractJavaProjectConfigurator - Adding source folder /ecommerce.entrega/src/test/java
2026-06-19 01:21:34,878 [Worker-35: Creating project "ecommerce.entrega"] INFO  o.e.m.j.i.AbstractJavaProjectConfigurator - Adding resource folder /ecommerce.entrega/src/test/resources
2026-06-19 01:21:36,607 [Worker-35: Building] WARN  o.e.m.c.i.embedder.EclipseLogger - Using platform encoding (Cp1252 actually) to copy filtered resources, i.e. build is platform dependent!
2026-06-19 01:21:36,621 [Worker-35: Building] INFO  o.e.m.c.i.embedder.EclipseLogger - Copying 0 resource
2026-06-19 01:21:36,627 [Worker-35: Building] WARN  o.e.m.c.i.embedder.EclipseLogger - Using platform encoding (Cp1252 actually) to copy filtered resources, i.e. build is platform dependent!
2026-06-19 01:21:36,630 [Worker-35: Building] INFO  o.e.m.c.i.embedder.EclipseLogger - Copying 0 resource
2026-06-19 01:22:38,969 [Worker-28: Creating project "ecommerce.fiscal"] INFO  o.e.m.c.i.l.LifecycleMappingFactory - Using org.eclipse.m2e.jdt.JarLifecycleMapping lifecycle mapping for MavenProject: br.edu.utfpr.td.tsi:ecommerce.fiscal:0.0.1-SNAPSHOT @ C:\Users\Particular\Desktop\A2ASD\ecommerce.fiscal\pom.xml.
2026-06-19 01:22:39,254 [Worker-28: Creating project "ecommerce.fiscal"] INFO  o.e.m.j.i.AbstractJavaProjectConfigurator - Adding source folder /ecommerce.fiscal/src/main/java
2026-06-19 01:22:39,255 [Worker-28: Creating project "ecommerce.fiscal"] INFO  o.e.m.j.i.AbstractJavaProjectConfigurator - Adding resource folder /ecommerce.fiscal/src/main/resources
2026-06-19 01:22:39,257 [Worker-28: Creating project "ecommerce.fiscal"] INFO  o.e.m.j.i.AbstractJavaProjectConfigurator - Adding source folder /ecommerce.fiscal/src/test/java
2026-06-19 01:22:39,258 [Worker-28: Creating project "ecommerce.fiscal"] INFO  o.e.m.j.i.AbstractJavaProjectConfigurator - Adding resource folder /ecommerce.fiscal/src/test/resources
2026-06-19 01:22:40,581 [Worker-36: Building] WARN  o.e.m.c.i.embedder.EclipseLogger - Using platform encoding (Cp1252 actually) to copy filtered resources, i.e. build is platform dependent!
2026-06-19 01:22:40,584 [Worker-36: Building] INFO  o.e.m.c.i.embedder.EclipseLogger - Copying 0 resource
2026-06-19 01:22:40,590 [Worker-36: Building] WARN  o.e.m.c.i.embedder.EclipseLogger - Using platform encoding (Cp1252 actually) to copy filtered resources, i.e. build is platform dependent!
2026-06-19 01:22:40,592 [Worker-36: Building] INFO  o.e.m.c.i.embedder.EclipseLogger - Copying 0 resource
2026-06-19 01:22:54,273 [Worker-37: Creating project "ecommerce.loja"] INFO  o.e.m.c.i.l.LifecycleMappingFactory - Using org.eclipse.m2e.jdt.JarLifecycleMapping lifecycle mapping for MavenProject: br.edu.utfpr.td.tsi:ecommerce.loja:0.0.1-SNAPSHOT @ C:\Users\Particular\Desktop\A2ASD\ecommerce.loja\pom.xml.
2026-06-19 01:22:54,401 [Worker-37: Creating project "ecommerce.loja"] INFO  o.e.m.j.i.AbstractJavaProjectConfigurator - Adding source folder /ecommerce.loja/src/main/java
2026-06-19 01:22:54,401 [Worker-37: Creating project "ecommerce.loja"] INFO  o.e.m.j.i.AbstractJavaProjectConfigurator - Adding resource folder /ecommerce.loja/src/main/resources
2026-06-19 01:22:54,403 [Worker-37: Creating project "ecommerce.loja"] INFO  o.e.m.j.i.AbstractJavaProjectConfigurator - Adding source folder /ecommerce.loja/src/test/java
2026-06-19 01:22:54,403 [Worker-37: Creating project "ecommerce.loja"] INFO  o.e.m.j.i.AbstractJavaProjectConfigurator - Adding resource folder /ecommerce.loja/src/test/resources
2026-06-19 01:22:55,074 [Worker-31: Building] WARN  o.e.m.c.i.embedder.EclipseLogger - Using platform encoding (Cp1252 actually) to copy filtered resources, i.e. build is platform dependent!
2026-06-19 01:22:55,077 [Worker-31: Building] INFO  o.e.m.c.i.embedder.EclipseLogger - Copying 0 resource
2026-06-19 01:22:55,079 [Worker-31: Building] WARN  o.e.m.c.i.embedder.EclipseLogger - Using platform encoding (Cp1252 actually) to copy filtered resources, i.e. build is platform dependent!
2026-06-19 01:22:55,082 [Worker-31: Building] INFO  o.e.m.c.i.embedder.EclipseLogger - Copying 0 resource
2026-06-19 01:23:10,575 [Worker-37: Creating project "ecommerce.pagamento"] INFO  o.e.m.c.i.l.LifecycleMappingFactory - Using org.eclipse.m2e.jdt.JarLifecycleMapping lifecycle mapping for MavenProject: br.edu.utfpr.td.tsi:ecommerce.pagamento:0.0.1-SNAPSHOT @ C:\Users\Particular\Desktop\A2ASD\ecommerce.pagamento\pom.xml.
2026-06-19 01:23:10,662 [Worker-37: Creating project "ecommerce.pagamento"] INFO  o.e.m.j.i.AbstractJavaProjectConfigurator - Adding source folder /ecommerce.pagamento/src/main/java
2026-06-19 01:23:10,662 [Worker-37: Creating project "ecommerce.pagamento"] INFO  o.e.m.j.i.AbstractJavaProjectConfigurator - Adding resource folder /ecommerce.pagamento/src/main/resources
2026-06-19 01:23:10,663 [Worker-37: Creating project "ecommerce.pagamento"] INFO  o.e.m.j.i.AbstractJavaProjectConfigurator - Adding source folder /ecommerce.pagamento/src/test/java
2026-06-19 01:23:10,664 [Worker-37: Creating project "ecommerce.pagamento"] INFO  o.e.m.j.i.AbstractJavaProjectConfigurator - Adding resource folder /ecommerce.pagamento/src/test/resources
2026-06-19 01:23:11,047 [Worker-36: Building] WARN  o.e.m.c.i.embedder.EclipseLogger - Using platform encoding (Cp1252 actually) to copy filtered resources, i.e. build is platform dependent!
2026-06-19 01:23:11,049 [Worker-36: Building] INFO  o.e.m.c.i.embedder.EclipseLogger - Copying 0 resource
2026-06-19 01:23:11,051 [Worker-36: Building] WARN  o.e.m.c.i.embedder.EclipseLogger - Using platform encoding (Cp1252 actually) to copy filtered resources, i.e. build is platform dependent!
2026-06-19 01:23:11,054 [Worker-36: Building] INFO  o.e.m.c.i.embedder.EclipseLogger - Copying 0 resource
2026-06-19 01:23:27,119 [Worker-28: Creating project "ecommerce.produtos"] INFO  o.e.m.c.i.l.LifecycleMappingFactory - Using org.eclipse.m2e.jdt.JarLifecycleMapping lifecycle mapping for MavenProject: br.edu.utfpr.td.tsi:ecommerce.produtos:0.0.1-SNAPSHOT @ C:\Users\Particular\Desktop\A2ASD\ecommerce.produtos\pom.xml.
2026-06-19 01:23:27,219 [Worker-28: Creating project "ecommerce.produtos"] INFO  o.e.m.j.i.AbstractJavaProjectConfigurator - Adding source folder /ecommerce.produtos/src/main/java
2026-06-19 01:23:27,220 [Worker-28: Creating project "ecommerce.produtos"] INFO  o.e.m.j.i.AbstractJavaProjectConfigurator - Adding resource folder /ecommerce.produtos/src/main/resources
2026-06-19 01:23:27,221 [Worker-28: Creating project "ecommerce.produtos"] INFO  o.e.m.j.i.AbstractJavaProjectConfigurator - Adding source folder /ecommerce.produtos/src/test/java
2026-06-19 01:23:27,221 [Worker-28: Creating project "ecommerce.produtos"] INFO  o.e.m.j.i.AbstractJavaProjectConfigurator - Adding resource folder /ecommerce.produtos/src/test/resources
2026-06-19 01:23:27,614 [Worker-28: Building] WARN  o.e.m.c.i.embedder.EclipseLogger - Using platform encoding (Cp1252 actually) to copy filtered resources, i.e. build is platform dependent!
2026-06-19 01:23:27,617 [Worker-28: Building] INFO  o.e.m.c.i.embedder.EclipseLogger - Copying 0 resource
2026-06-19 01:23:27,619 [Worker-28: Building] WARN  o.e.m.c.i.embedder.EclipseLogger - Using platform encoding (Cp1252 actually) to copy filtered resources, i.e. build is platform dependent!
2026-06-19 01:23:27,621 [Worker-28: Building] INFO  o.e.m.c.i.embedder.EclipseLogger - Copying 0 resource
2026-06-19 01:23:59,037 [Worker-36: Building] WARN  o.e.m.c.i.embedder.EclipseLogger - Using platform encoding (Cp1252 actually) to copy filtered resources, i.e. build is platform dependent!
2026-06-19 01:23:59,159 [Worker-36: Building] INFO  o.e.m.c.i.embedder.EclipseLogger - Copying 0 resource
2026-06-19 01:23:59,161 [Worker-36: Building] WARN  o.e.m.c.i.embedder.EclipseLogger - Using platform encoding (Cp1252 actually) to copy filtered resources, i.e. build is platform dependent!
2026-06-19 01:23:59,163 [Worker-36: Building] INFO  o.e.m.c.i.embedder.EclipseLogger - Copying 0 resource
2026-06-19 01:24:09,704 [Worker-35: Building] WARN  o.e.m.c.i.embedder.EclipseLogger - Using platform encoding (Cp1252 actually) to copy filtered resources, i.e. build is platform dependent!
2026-06-19 01:24:09,716 [Worker-35: Building] INFO  o.e.m.c.i.embedder.EclipseLogger - Copying 0 resource
2026-06-19 01:24:09,718 [Worker-35: Building] WARN  o.e.m.c.i.embedder.EclipseLogger - Using platform encoding (Cp1252 actually) to copy filtered resources, i.e. build is platform dependent!
2026-06-19 01:24:09,722 [Worker-35: Building] INFO  o.e.m.c.i.embedder.EclipseLogger - Copying 0 resource
2026-06-19 01:24:19,496 [Worker-31: Building] WARN  o.e.m.c.i.embedder.EclipseLogger - Using platform encoding (Cp1252 actually) to copy filtered resources, i.e. build is platform dependent!
2026-06-19 01:24:19,503 [Worker-31: Building] INFO  o.e.m.c.i.embedder.EclipseLogger - Copying 0 resource
2026-06-19 01:24:19,579 [Worker-31: Building] WARN  o.e.m.c.i.embedder.EclipseLogger - Using platform encoding (Cp1252 actually) to copy filtered resources, i.e. build is platform dependent!
2026-06-19 01:24:19,618 [Worker-31: Building] INFO  o.e.m.c.i.embedder.EclipseLogger - Copying 0 resource
2026-06-19 01:24:30,441 [Worker-35: Building] WARN  o.e.m.c.i.embedder.EclipseLogger - Using platform encoding (Cp1252 actually) to copy filtered resources, i.e. build is platform dependent!
2026-06-19 01:24:30,444 [Worker-35: Building] INFO  o.e.m.c.i.embedder.EclipseLogger - Copying 0 resource
2026-06-19 01:24:30,451 [Worker-35: Building] WARN  o.e.m.c.i.embedder.EclipseLogger - Using platform encoding (Cp1252 actually) to copy filtered resources, i.e. build is platform dependent!
2026-06-19 01:24:30,454 [Worker-35: Building] INFO  o.e.m.c.i.embedder.EclipseLogger - Copying 0 resource
2026-06-19 01:24:39,717 [Worker-37: Building] WARN  o.e.m.c.i.embedder.EclipseLogger - Using platform encoding (Cp1252 actually) to copy filtered resources, i.e. build is platform dependent!
2026-06-19 01:24:39,719 [Worker-37: Building] INFO  o.e.m.c.i.embedder.EclipseLogger - Copying 0 resource
2026-06-19 01:24:39,721 [Worker-37: Building] WARN  o.e.m.c.i.embedder.EclipseLogger - Using platform encoding (Cp1252 actually) to copy filtered resources, i.e. build is platform dependent!
2026-06-19 01:24:39,723 [Worker-37: Building] INFO  o.e.m.c.i.embedder.EclipseLogger - Copying 0 resource
2026-06-19 01:25:05,648 [Worker-36: Building] INFO  o.a.m.s.f.DefaultMavenResourcesFiltering - Copying 0 resource from src\main\resources to target\classes
2026-06-19 01:25:05,650 [Worker-36: Building] INFO  o.a.m.s.f.DefaultMavenResourcesFiltering - Copying 0 resource from src\main\resources to target\classes
2026-06-19 01:25:05,654 [Worker-36: Building] INFO  o.a.m.s.f.DefaultMavenResourcesFiltering - Copying 0 resource from src\test\resources to target\test-classes
2026-06-19 01:26:20,737 [Worker-28: Building] INFO  o.e.m.c.i.l.LifecycleMappingFactory - Using org.eclipse.m2e.jdt.JarLifecycleMapping lifecycle mapping for MavenProject: br.edu.utfpr.td.tsi:ecommerce.entrega:0.0.1-SNAPSHOT @ C:\Users\Particular\Desktop\A2ASD\ecommerce.entrega\pom.xml.
2026-06-19 01:26:21,596 [Worker-28: Building] INFO  o.a.m.s.f.DefaultMavenResourcesFiltering - Copying 0 resource from src\main\resources to target\classes
2026-06-19 01:26:21,597 [Worker-28: Building] INFO  o.a.m.s.f.DefaultMavenResourcesFiltering - Copying 0 resource from src\main\resources to target\classes
2026-06-19 01:26:21,601 [Worker-28: Building] INFO  o.a.m.s.f.DefaultMavenResourcesFiltering - Copying 0 resource from src\test\resources to target\test-classes
2026-06-19 01:26:23,627 [Worker-35: Building] INFO  o.a.m.s.f.DefaultMavenResourcesFiltering - Copying 0 resource from src\main\resources to target\classes
2026-06-19 01:26:23,628 [Worker-35: Building] INFO  o.a.m.s.f.DefaultMavenResourcesFiltering - Copying 0 resource from src\main\resources to target\classes
2026-06-19 01:26:23,634 [Worker-35: Building] INFO  o.a.m.s.f.DefaultMavenResourcesFiltering - Copying 0 resource from src\test\resources to target\test-classes
2026-06-19 01:26:50,879 [Worker-28: Building] INFO  o.e.m.c.i.l.LifecycleMappingFactory - Using org.eclipse.m2e.jdt.JarLifecycleMapping lifecycle mapping for MavenProject: br.edu.utfpr.td.tsi:ecommerce.fiscal:0.0.1-SNAPSHOT @ C:\Users\Particular\Desktop\A2ASD\ecommerce.fiscal\pom.xml.
2026-06-19 01:26:51,796 [Worker-28: Building] INFO  o.a.m.s.f.DefaultMavenResourcesFiltering - Copying 0 resource from src\main\resources to target\classes
2026-06-19 01:26:51,798 [Worker-28: Building] INFO  o.a.m.s.f.DefaultMavenResourcesFiltering - Copying 0 resource from src\main\resources to target\classes
2026-06-19 01:26:51,802 [Worker-28: Building] INFO  o.a.m.s.f.DefaultMavenResourcesFiltering - Copying 0 resource from src\test\resources to target\test-classes
2026-06-19 01:26:53,660 [Worker-36: Building] INFO  o.a.m.s.f.DefaultMavenResourcesFiltering - Copying 0 resource from src\main\resources to target\classes
2026-06-19 01:26:53,661 [Worker-36: Building] INFO  o.a.m.s.f.DefaultMavenResourcesFiltering - Copying 0 resource from src\main\resources to target\classes
2026-06-19 01:26:53,666 [Worker-36: Building] INFO  o.a.m.s.f.DefaultMavenResourcesFiltering - Copying 0 resource from src\test\resources to target\test-classes
2026-06-19 01:29:08,257 [Worker-31: Building] INFO  o.e.m.c.i.l.LifecycleMappingFactory - Using org.eclipse.m2e.jdt.JarLifecycleMapping lifecycle mapping for MavenProject: br.edu.utfpr.td.tsi:ecommerce.loja:0.0.1-SNAPSHOT @ C:\Users\Particular\Desktop\A2ASD\ecommerce.loja\pom.xml.
2026-06-19 01:29:08,610 [Worker-31: Building] INFO  o.e.m.c.i.p.WorkspaceClassifierResolverManager - Resolving P/ecommerce.produtos: br.edu.utfpr.td.tsi:ecommerce.produtos:0.0.1-SNAPSHOT with classifier  to /ecommerce.produtos/target/classes
2026-06-19 01:29:09,192 [Worker-31: Building] INFO  o.a.m.s.f.DefaultMavenResourcesFiltering - Copying 0 resource from src\main\resources to target\classes
2026-06-19 01:29:09,194 [Worker-31: Building] INFO  o.a.m.s.f.DefaultMavenResourcesFiltering - Copying 0 resource from src\main\resources to target\classes
2026-06-19 01:29:09,200 [Worker-31: Building] INFO  o.a.m.s.f.DefaultMavenResourcesFiltering - Copying 0 resource from src\test\resources to target\test-classes
2026-06-19 01:29:11,373 [Worker-31: Building] INFO  o.e.m.c.i.p.WorkspaceClassifierResolverManager - Resolving P/ecommerce.produtos: br.edu.utfpr.td.tsi:ecommerce.produtos:0.0.1-SNAPSHOT with classifier  to /ecommerce.produtos/target/classes
2026-06-19 01:29:11,388 [Worker-31: Building] INFO  o.a.m.s.f.DefaultMavenResourcesFiltering - Copying 0 resource from src\main\resources to target\classes
2026-06-19 01:29:11,390 [Worker-31: Building] INFO  o.a.m.s.f.DefaultMavenResourcesFiltering - Copying 0 resource from src\main\resources to target\classes
2026-06-19 01:29:11,394 [Worker-31: Building] INFO  o.a.m.s.f.DefaultMavenResourcesFiltering - Copying 0 resource from src\test\resources to target\test-classes
2026-06-19 01:30:26,448 [Worker-35: Building] INFO  o.e.m.c.i.l.LifecycleMappingFactory - Using org.eclipse.m2e.jdt.JarLifecycleMapping lifecycle mapping for MavenProject: br.edu.utfpr.td.tsi:ecommerce.produtos:0.0.1-SNAPSHOT @ C:\Users\Particular\Desktop\A2ASD\ecommerce.produtos\pom.xml.
2026-06-19 01:30:27,351 [Worker-35: Building] INFO  o.e.m.c.i.l.LifecycleMappingFactory - Using org.eclipse.m2e.jdt.JarLifecycleMapping lifecycle mapping for MavenProject: br.edu.utfpr.td.tsi:ecommerce.loja:0.0.1-SNAPSHOT @ C:\Users\Particular\Desktop\A2ASD\ecommerce.loja\pom.xml.
2026-06-19 01:30:27,478 [Worker-35: Building] INFO  o.e.m.c.i.p.WorkspaceClassifierResolverManager - Resolving P/ecommerce.produtos: br.edu.utfpr.td.tsi:ecommerce.produtos:0.0.1-SNAPSHOT with classifier  to /ecommerce.produtos/target/classes
2026-06-19 01:30:29,285 [Worker-35: Building] INFO  o.a.m.s.f.DefaultMavenResourcesFiltering - Copying 0 resource from src\main\resources to target\classes
2026-06-19 01:30:29,286 [Worker-35: Building] INFO  o.a.m.s.f.DefaultMavenResourcesFiltering - Copying 0 resource from src\main\resources to target\classes
2026-06-19 01:30:29,484 [Worker-35: Building] INFO  o.a.m.s.f.DefaultMavenResourcesFiltering - Copying 0 resource from src\test\resources to target\test-classes
2026-06-19 01:30:32,837 [Worker-28: Building] INFO  o.e.m.c.i.p.WorkspaceClassifierResolverManager - Resolving P/ecommerce.produtos: br.edu.utfpr.td.tsi:ecommerce.produtos:0.0.1-SNAPSHOT with classifier  to /ecommerce.produtos/target/classes
2026-06-19 01:30:32,913 [Worker-28: Building] INFO  o.a.m.s.f.DefaultMavenResourcesFiltering - Copying 0 resource from src\main\resources to target\classes
2026-06-19 01:30:32,918 [Worker-28: Building] INFO  o.a.m.s.f.DefaultMavenResourcesFiltering - Copying 0 resource from src\main\resources to target\classes
2026-06-19 01:30:32,928 [Worker-28: Building] INFO  o.a.m.s.f.DefaultMavenResourcesFiltering - Copying 0 resource from src\test\resources to target\test-classes
2026-06-19 01:30:35,573 [Worker-28: Building] INFO  o.a.m.s.f.DefaultMavenResourcesFiltering - Copying 0 resource from src\main\resources to target\classes
2026-06-19 01:30:35,574 [Worker-28: Building] INFO  o.a.m.s.f.DefaultMavenResourcesFiltering - Copying 0 resource from src\main\resources to target\classes
2026-06-19 01:30:35,577 [Worker-28: Building] INFO  o.a.m.s.f.DefaultMavenResourcesFiltering - Copying 0 resource from src\test\resources to target\test-classes
2026-06-19 01:30:40,764 [Worker-37: Building] INFO  o.e.m.c.i.l.LifecycleMappingFactory - Using org.eclipse.m2e.jdt.JarLifecycleMapping lifecycle mapping for MavenProject: br.edu.utfpr.td.tsi:ecommerce.produtos:0.0.1-SNAPSHOT @ C:\Users\Particular\Desktop\A2ASD\ecommerce.pagamento\pom.xml.
2026-06-19 01:30:41,608 [Worker-37: Building] INFO  o.e.m.c.i.l.LifecycleMappingFactory - Using org.eclipse.m2e.jdt.JarLifecycleMapping lifecycle mapping for MavenProject: br.edu.utfpr.td.tsi:ecommerce.loja:0.0.1-SNAPSHOT @ C:\Users\Particular\Desktop\A2ASD\ecommerce.loja\pom.xml.
2026-06-19 01:30:41,853 [Worker-37: Building] INFO  o.e.m.c.i.p.WorkspaceClassifierResolverManager - Resolving P/ecommerce.pagamento: br.edu.utfpr.td.tsi:ecommerce.produtos:0.0.1-SNAPSHOT with classifier  to /ecommerce.pagamento/target/classes
2026-06-19 01:30:42,983 [Worker-37: Building] INFO  o.a.m.s.f.DefaultMavenResourcesFiltering - Copying 0 resource from src\main\resources to target\classes
2026-06-19 01:30:42,984 [Worker-37: Building] INFO  o.a.m.s.f.DefaultMavenResourcesFiltering - Copying 0 resource from src\main\resources to target\classes
2026-06-19 01:30:42,988 [Worker-37: Building] INFO  o.a.m.s.f.DefaultMavenResourcesFiltering - Copying 0 resource from src\test\resources to target\test-classes
2026-06-19 01:30:45,317 [Worker-31: Download sources and javadoc] INFO  o.e.m.c.i.p.WorkspaceClassifierResolverManager - Resolving P/ecommerce.pagamento: br.edu.utfpr.td.tsi:ecommerce.produtos:0.0.1-SNAPSHOT with classifier  to /ecommerce.pagamento/target/classes
2026-06-19 01:30:45,337 [Worker-37: Building] INFO  o.a.m.s.f.DefaultMavenResourcesFiltering - Copying 0 resource from src\main\resources to target\classes
2026-06-19 01:30:45,338 [Worker-37: Building] INFO  o.a.m.s.f.DefaultMavenResourcesFiltering - Copying 0 resource from src\main\resources to target\classes
2026-06-19 01:30:45,342 [Worker-37: Building] INFO  o.a.m.s.f.DefaultMavenResourcesFiltering - Copying 0 resource from src\test\resources to target\test-classes
2026-06-19 01:30:45,446 [Worker-31: Download sources and javadoc] ERROR o.e.m.j.internal.DownloadSourcesJob - Could not download javadoc for br.edu.utfpr.td.tsi:ecommerce.produtos:0.0.1-SNAPSHOT
org.eclipse.core.runtime.CoreException: Could not resolve artifact br.edu.utfpr.td.tsi:ecommerce.produtos:jar:javadoc:0.0.1-SNAPSHOT
	at org.eclipse.m2e.core.internal.embedder.MavenImpl.lambda$4(MavenImpl.java:828) ~[na:na]
	at org.eclipse.m2e.core.internal.embedder.MavenExecutionContext.executeBare(MavenExecutionContext.java:182) ~[na:na]
	at org.eclipse.m2e.core.internal.embedder.MavenExecutionContext.execute(MavenExecutionContext.java:117) ~[na:na]
	at org.eclipse.m2e.core.internal.embedder.MavenExecutionContext.execute(MavenExecutionContext.java:103) ~[na:na]
	at org.eclipse.m2e.core.internal.embedder.MavenImpl.resolve(MavenImpl.java:796) ~[na:na]
	at org.eclipse.m2e.core.internal.embedder.MavenImpl.resolve(MavenImpl.java:773) ~[na:na]
	at org.eclipse.m2e.jdt.internal.DownloadSourcesJob.download(DownloadSourcesJob.java:311) ~[na:na]
	at org.eclipse.m2e.jdt.internal.DownloadSourcesJob.downloadAttachments(DownloadSourcesJob.java:297) ~[na:na]
	at org.eclipse.m2e.jdt.internal.DownloadSourcesJob.downloadMaven(DownloadSourcesJob.java:255) ~[na:na]
	at org.eclipse.m2e.jdt.internal.DownloadSourcesJob.downloadFilesAndPopulateToUpdate(DownloadSourcesJob.java:223) ~[na:na]
	at org.eclipse.m2e.jdt.internal.DownloadSourcesJob.lambda$0(DownloadSourcesJob.java:152) ~[na:na]
	at org.eclipse.m2e.core.internal.embedder.MavenExecutionContext.executeBare(MavenExecutionContext.java:182) ~[na:na]
	at org.eclipse.m2e.core.internal.embedder.MavenExecutionContext.execute(MavenExecutionContext.java:156) ~[na:na]
	at org.eclipse.m2e.core.internal.embedder.MavenExecutionContext.execute(MavenExecutionContext.java:103) ~[na:na]
	at org.eclipse.m2e.core.internal.embedder.MavenImpl.execute(MavenImpl.java:1416) ~[na:na]
	at org.eclipse.m2e.jdt.internal.DownloadSourcesJob.run(DownloadSourcesJob.java:152) ~[na:na]
	at org.eclipse.core.internal.jobs.Worker.run(Worker.java:63) ~[org.eclipse.core.jobs_3.13.0.v20220512-1935.jar:na]
2026-06-19 01:30:46,593 [Worker-37: Building] INFO  o.a.m.s.f.DefaultMavenResourcesFiltering - Copying 0 resource from src\main\resources to target\classes
2026-06-19 01:30:46,597 [Worker-37: Building] INFO  o.a.m.s.f.DefaultMavenResourcesFiltering - Copying 0 resource from src\main\resources to target\classes
2026-06-19 01:30:46,609 [Worker-37: Building] INFO  o.a.m.s.f.DefaultMavenResourcesFiltering - Copying 0 resource from src\test\resources to target\test-classes
2026-06-19 01:31:53,281 [Worker-35: Building] INFO  o.a.m.s.f.DefaultMavenResourcesFiltering - Copying 0 resource from src\main\resources to target\classes
2026-06-19 01:31:53,330 [Worker-35: Building] INFO  o.a.m.s.f.DefaultMavenResourcesFiltering - Copying 0 resource from src\main\resources to target\classes
2026-06-19 01:31:53,337 [Worker-35: Building] INFO  o.a.m.s.f.DefaultMavenResourcesFiltering - Copying 0 resource from src\test\resources to target\test-classes
2026-06-19 01:31:53,568 [Worker-28: Building] INFO  o.a.m.s.f.DefaultMavenResourcesFiltering - Copying 0 resource from src\main\resources to target\classes
2026-06-19 01:31:53,569 [Worker-28: Building] INFO  o.a.m.s.f.DefaultMavenResourcesFiltering - Copying 0 resource from src\main\resources to target\classes
2026-06-19 01:31:53,572 [Worker-28: Building] INFO  o.a.m.s.f.DefaultMavenResourcesFiltering - Copying 0 resource from src\test\resources to target\test-classes
2026-06-19 01:32:11,954 [Worker-28: Building] INFO  o.a.m.s.f.DefaultMavenResourcesFiltering - Copying 0 resource from src\main\resources to target\classes
2026-06-19 01:32:11,956 [Worker-28: Building] INFO  o.a.m.s.f.DefaultMavenResourcesFiltering - Copying 0 resource from src\main\resources to target\classes
2026-06-19 01:32:11,978 [Worker-28: Building] INFO  o.a.m.s.f.DefaultMavenResourcesFiltering - Copying 0 resource from src\test\resources to target\test-classes
2026-06-19 01:32:16,754 [Worker-35: Building] INFO  o.a.m.s.f.DefaultMavenResourcesFiltering - Copying 0 resource from src\main\resources to target\classes
2026-06-19 01:32:16,754 [Worker-35: Building] INFO  o.a.m.s.f.DefaultMavenResourcesFiltering - Copying 0 resource from src\main\resources to target\classes
2026-06-19 01:32:16,757 [Worker-35: Building] INFO  o.a.m.s.f.DefaultMavenResourcesFiltering - Copying 0 resource from src\test\resources to target\test-classes
2026-06-19 01:32:31,154 [Worker-38: Building] INFO  o.a.m.s.f.DefaultMavenResourcesFiltering - Copying 0 resource from src\main\resources to target\classes
2026-06-19 01:32:31,155 [Worker-38: Building] INFO  o.a.m.s.f.DefaultMavenResourcesFiltering - Copying 0 resource from src\main\resources to target\classes
2026-06-19 01:32:31,160 [Worker-38: Building] INFO  o.a.m.s.f.DefaultMavenResourcesFiltering - Copying 0 resource from src\test\resources to target\test-classes
2026-06-19 01:32:36,138 [Worker-37: Building] INFO  o.a.m.s.f.DefaultMavenResourcesFiltering - Copying 0 resource from src\main\resources to target\classes
2026-06-19 01:32:36,138 [Worker-37: Building] INFO  o.a.m.s.f.DefaultMavenResourcesFiltering - Copying 0 resource from src\main\resources to target\classes
2026-06-19 01:32:36,140 [Worker-37: Building] INFO  o.a.m.s.f.DefaultMavenResourcesFiltering - Copying 0 resource from src\test\resources to target\test-classes
2026-06-19 01:33:05,581 [Worker-35: Building] INFO  o.a.m.s.f.DefaultMavenResourcesFiltering - Copying 0 resource from src\main\resources to target\classes
2026-06-19 01:33:05,584 [Worker-35: Building] INFO  o.a.m.s.f.DefaultMavenResourcesFiltering - Copying 0 resource from src\main\resources to target\classes
2026-06-19 01:33:05,600 [Worker-35: Building] INFO  o.a.m.s.f.DefaultMavenResourcesFiltering - Copying 0 resource from src\test\resources to target\test-classes
2026-06-19 01:33:09,560 [Worker-38: Building] INFO  o.a.m.s.f.DefaultMavenResourcesFiltering - Copying 0 resource from src\main\resources to target\classes
2026-06-19 01:33:09,562 [Worker-38: Building] INFO  o.a.m.s.f.DefaultMavenResourcesFiltering - Copying 0 resource from src\main\resources to target\classes
2026-06-19 01:33:09,574 [Worker-38: Building] INFO  o.a.m.s.f.DefaultMavenResourcesFiltering - Copying 0 resource from src\test\resources to target\test-classes
2026-06-19 01:33:14,578 [Worker-35: Building] INFO  o.a.m.s.f.DefaultMavenResourcesFiltering - Copying 0 resource from src\main\resources to target\classes
2026-06-19 01:33:14,600 [Worker-35: Building] INFO  o.a.m.s.f.DefaultMavenResourcesFiltering - Copying 0 resource from src\main\resources to target\classes
2026-06-19 01:33:14,604 [Worker-35: Building] INFO  o.a.m.s.f.DefaultMavenResourcesFiltering - Copying 0 resource from src\test\resources to target\test-classes
2026-06-19 01:33:15,292 [Worker-37: Building] INFO  o.a.m.s.f.DefaultMavenResourcesFiltering - Copying 0 resource from src\main\resources to target\classes
2026-06-19 01:33:15,294 [Worker-37: Building] INFO  o.a.m.s.f.DefaultMavenResourcesFiltering - Copying 0 resource from src\main\resources to target\classes
2026-06-19 01:33:15,298 [Worker-37: Building] INFO  o.a.m.s.f.DefaultMavenResourcesFiltering - Copying 0 resource from src\test\resources to target\test-classes
2026-06-19 01:33:15,610 [Worker-37: Building] INFO  o.a.m.s.f.DefaultMavenResourcesFiltering - Copying 0 resource from src\main\resources to target\classes
2026-06-19 01:33:15,611 [Worker-37: Building] INFO  o.a.m.s.f.DefaultMavenResourcesFiltering - Copying 0 resource from src\main\resources to target\classes
2026-06-19 01:33:15,619 [Worker-37: Building] INFO  o.a.m.s.f.DefaultMavenResourcesFiltering - Copying 0 resource from src\test\resources to target\test-classes
2026-06-19 01:33:15,844 [Worker-37: Building] INFO  o.a.m.s.f.DefaultMavenResourcesFiltering - Copying 0 resource from src\main\resources to target\classes
2026-06-19 01:33:15,845 [Worker-37: Building] INFO  o.a.m.s.f.DefaultMavenResourcesFiltering - Copying 0 resource from src\main\resources to target\classes
2026-06-19 01:33:15,849 [Worker-37: Building] INFO  o.a.m.s.f.DefaultMavenResourcesFiltering - Copying 0 resource from src\test\resources to target\test-classes
2026-06-19 01:33:16,037 [Worker-37: Building] INFO  o.a.m.s.f.DefaultMavenResourcesFiltering - Copying 0 resource from src\main\resources to target\classes
2026-06-19 01:33:16,039 [Worker-37: Building] INFO  o.a.m.s.f.DefaultMavenResourcesFiltering - Copying 0 resource from src\main\resources to target\classes
2026-06-19 01:33:16,043 [Worker-37: Building] INFO  o.a.m.s.f.DefaultMavenResourcesFiltering - Copying 0 resource from src\test\resources to target\test-classes
2026-06-19 01:33:16,728 [Worker-37: Building] INFO  o.a.m.s.f.DefaultMavenResourcesFiltering - Copying 0 resource from src\main\resources to target\classes
2026-06-19 01:33:16,730 [Worker-37: Building] INFO  o.a.m.s.f.DefaultMavenResourcesFiltering - Copying 0 resource from src\main\resources to target\classes
2026-06-19 01:33:16,736 [Worker-37: Building] INFO  o.a.m.s.f.DefaultMavenResourcesFiltering - Copying 0 resource from src\test\resources to target\test-classes
2026-06-19 01:33:21,117 [Worker-31: Building] INFO  o.a.m.s.f.DefaultMavenResourcesFiltering - Copying 0 resource from src\main\resources to target\classes
2026-06-19 01:33:21,119 [Worker-31: Building] INFO  o.a.m.s.f.DefaultMavenResourcesFiltering - Copying 0 resource from src\main\resources to target\classes
2026-06-19 01:33:21,125 [Worker-31: Building] INFO  o.a.m.s.f.DefaultMavenResourcesFiltering - Copying 0 resource from src\test\resources to target\test-classes
2026-06-19 01:33:27,181 [Worker-35: Building] INFO  o.a.m.s.f.DefaultMavenResourcesFiltering - Copying 0 resource from src\main\resources to target\classes
2026-06-19 01:33:27,182 [Worker-35: Building] INFO  o.a.m.s.f.DefaultMavenResourcesFiltering - Copying 0 resource from src\main\resources to target\classes
2026-06-19 01:33:27,185 [Worker-35: Building] INFO  o.a.m.s.f.DefaultMavenResourcesFiltering - Copying 0 resource from src\test\resources to target\test-classes
2026-06-19 01:33:40,466 [Worker-36: Building] INFO  o.a.m.s.f.DefaultMavenResourcesFiltering - Copying 0 resource from src\main\resources to target\classes
2026-06-19 01:33:40,467 [Worker-36: Building] INFO  o.a.m.s.f.DefaultMavenResourcesFiltering - Copying 0 resource from src\main\resources to target\classes
2026-06-19 01:33:40,470 [Worker-36: Building] INFO  o.a.m.s.f.DefaultMavenResourcesFiltering - Copying 0 resource from src\test\resources to target\test-classes
2026-06-19 01:33:47,608 [Worker-38: Building] INFO  o.a.m.s.f.DefaultMavenResourcesFiltering - Copying 0 resource from src\main\resources to target\classes
2026-06-19 01:33:47,609 [Worker-38: Building] INFO  o.a.m.s.f.DefaultMavenResourcesFiltering - Copying 0 resource from src\main\resources to target\classes
2026-06-19 01:33:47,615 [Worker-38: Building] INFO  o.a.m.s.f.DefaultMavenResourcesFiltering - Copying 0 resource from src\test\resources to target\test-classes
2026-06-19 01:34:29,757 [Worker-37: Updating Maven Project] INFO  o.e.m.c.i.p.ProjectConfigurationManager - Update started
2026-06-19 01:34:34,353 [Worker-37: Updating Maven Project] INFO  o.e.m.c.i.l.LifecycleMappingFactory - Using org.eclipse.m2e.jdt.JarLifecycleMapping lifecycle mapping for MavenProject: br.edu.utfpr.td.tsi:ecommerce.loja:0.0.1-SNAPSHOT @ C:\Users\Particular\Desktop\A2ASD\ecommerce.loja\pom.xml.
2026-06-19 01:34:34,784 [Worker-37: Updating Maven Project] INFO  o.e.m.c.i.p.WorkspaceClassifierResolverManager - Resolving P/ecommerce.pagamento: br.edu.utfpr.td.tsi:ecommerce.produtos:0.0.1-SNAPSHOT with classifier  to /ecommerce.pagamento/target/classes
2026-06-19 01:34:34,945 [Worker-37: Updating Maven Project] INFO  o.e.m.c.i.l.LifecycleMappingFactory - Using org.eclipse.m2e.jdt.JarLifecycleMapping lifecycle mapping for MavenProject: br.edu.utfpr.td.tsi:ecommerce.produtos:0.0.1-SNAPSHOT @ C:\Users\Particular\Desktop\A2ASD\ecommerce.pagamento\pom.xml.
2026-06-19 01:34:35,079 [Worker-37: Updating Maven Project] INFO  o.e.m.c.i.l.LifecycleMappingFactory - Using org.eclipse.m2e.jdt.JarLifecycleMapping lifecycle mapping for MavenProject: br.edu.utfpr.td.tsi:ecommerce.produtos:0.0.1-SNAPSHOT @ C:\Users\Particular\Desktop\A2ASD\ecommerce.produtos\pom.xml.
2026-06-19 01:34:35,221 [Worker-37: Updating Maven Project] INFO  o.e.m.c.i.l.LifecycleMappingFactory - Using org.eclipse.m2e.jdt.JarLifecycleMapping lifecycle mapping for MavenProject: br.edu.utfpr.td.tsi:ecommerce.entrega:0.0.1-SNAPSHOT @ C:\Users\Particular\Desktop\A2ASD\ecommerce.entrega\pom.xml.
2026-06-19 01:34:35,363 [Worker-37: Updating Maven Project] INFO  o.e.m.c.i.l.LifecycleMappingFactory - Using org.eclipse.m2e.jdt.JarLifecycleMapping lifecycle mapping for MavenProject: br.edu.utfpr.td.tsi:ecommerce.fiscal:0.0.1-SNAPSHOT @ C:\Users\Particular\Desktop\A2ASD\ecommerce.fiscal\pom.xml.
2026-06-19 01:34:35,492 [Worker-37: Updating Maven Project] INFO  o.e.m.c.i.l.LifecycleMappingFactory - Using org.eclipse.m2e.jdt.JarLifecycleMapping lifecycle mapping for MavenProject: br.edu.utfpr.td.tsi:ecommerce.email:0.0.1-SNAPSHOT @ C:\Users\Particular\Desktop\A2ASD\ecommerce.email\pom.xml.
2026-06-19 01:34:35,628 [Worker-37: Updating Maven Project] INFO  o.e.m.c.i.l.LifecycleMappingFactory - Using org.eclipse.m2e.jdt.JarLifecycleMapping lifecycle mapping for MavenProject: br.edu.utfpr.td.tsi:ecommerce.cep:0.0.1-SNAPSHOT @ C:\Users\Particular\Desktop\A2ASD\ecommerce.cep\pom.xml.
2026-06-19 01:34:37,578 [Worker-37: Updating Maven Project] INFO  o.e.m.j.i.AbstractJavaProjectConfigurator - Adding source folder /ecommerce.cep/src/main/java
2026-06-19 01:34:37,579 [Worker-37: Updating Maven Project] INFO  o.e.m.j.i.AbstractJavaProjectConfigurator - Adding resource folder /ecommerce.cep/src/main/resources
2026-06-19 01:34:37,580 [Worker-37: Updating Maven Project] INFO  o.e.m.j.i.AbstractJavaProjectConfigurator - Adding resource folder /ecommerce.cep/src/main/resources
2026-06-19 01:34:37,581 [Worker-37: Updating Maven Project] INFO  o.e.m.j.i.AbstractJavaProjectConfigurator - Adding source folder /ecommerce.cep/src/test/java
2026-06-19 01:34:37,582 [Worker-37: Updating Maven Project] INFO  o.e.m.j.i.AbstractJavaProjectConfigurator - Adding resource folder /ecommerce.cep/src/test/resources
2026-06-19 01:34:37,973 [Worker-37: Updating Maven Project] INFO  o.e.m.j.i.AbstractJavaProjectConfigurator - Adding source folder /ecommerce.email/src/main/java
2026-06-19 01:34:37,974 [Worker-37: Updating Maven Project] INFO  o.e.m.j.i.AbstractJavaProjectConfigurator - Adding resource folder /ecommerce.email/src/main/resources
2026-06-19 01:34:38,057 [Worker-37: Updating Maven Project] INFO  o.e.m.j.i.AbstractJavaProjectConfigurator - Adding resource folder /ecommerce.email/src/main/resources
2026-06-19 01:34:38,091 [Worker-37: Updating Maven Project] INFO  o.e.m.j.i.AbstractJavaProjectConfigurator - Adding source folder /ecommerce.email/src/test/java
2026-06-19 01:34:38,092 [Worker-37: Updating Maven Project] INFO  o.e.m.j.i.AbstractJavaProjectConfigurator - Adding resource folder /ecommerce.email/src/test/resources
2026-06-19 01:34:38,658 [Worker-37: Updating Maven Project] INFO  o.e.m.j.i.AbstractJavaProjectConfigurator - Adding source folder /ecommerce.entrega/src/main/java
2026-06-19 01:34:38,658 [Worker-37: Updating Maven Project] INFO  o.e.m.j.i.AbstractJavaProjectConfigurator - Adding resource folder /ecommerce.entrega/src/main/resources
2026-06-19 01:34:38,696 [Worker-37: Updating Maven Project] INFO  o.e.m.j.i.AbstractJavaProjectConfigurator - Adding resource folder /ecommerce.entrega/src/main/resources
2026-06-19 01:34:38,705 [Worker-37: Updating Maven Project] INFO  o.e.m.j.i.AbstractJavaProjectConfigurator - Adding source folder /ecommerce.entrega/src/test/java
2026-06-19 01:34:38,705 [Worker-37: Updating Maven Project] INFO  o.e.m.j.i.AbstractJavaProjectConfigurator - Adding resource folder /ecommerce.entrega/src/test/resources
2026-06-19 01:34:39,018 [Worker-37: Updating Maven Project] INFO  o.e.m.j.i.AbstractJavaProjectConfigurator - Adding source folder /ecommerce.fiscal/src/main/java
2026-06-19 01:34:39,019 [Worker-37: Updating Maven Project] INFO  o.e.m.j.i.AbstractJavaProjectConfigurator - Adding resource folder /ecommerce.fiscal/src/main/resources
2026-06-19 01:34:39,038 [Worker-37: Updating Maven Project] INFO  o.e.m.j.i.AbstractJavaProjectConfigurator - Adding resource folder /ecommerce.fiscal/src/main/resources
2026-06-19 01:34:39,055 [Worker-37: Updating Maven Project] INFO  o.e.m.j.i.AbstractJavaProjectConfigurator - Adding source folder /ecommerce.fiscal/src/test/java
2026-06-19 01:34:39,055 [Worker-37: Updating Maven Project] INFO  o.e.m.j.i.AbstractJavaProjectConfigurator - Adding resource folder /ecommerce.fiscal/src/test/resources
2026-06-19 01:34:39,371 [Worker-37: Updating Maven Project] INFO  o.e.m.j.i.AbstractJavaProjectConfigurator - Adding source folder /ecommerce.loja/src/main/java
2026-06-19 01:34:39,372 [Worker-37: Updating Maven Project] INFO  o.e.m.j.i.AbstractJavaProjectConfigurator - Adding resource folder /ecommerce.loja/src/main/resources
2026-06-19 01:34:39,392 [Worker-37: Updating Maven Project] INFO  o.e.m.j.i.AbstractJavaProjectConfigurator - Adding resource folder /ecommerce.loja/src/main/resources
2026-06-19 01:34:39,426 [Worker-37: Updating Maven Project] INFO  o.e.m.j.i.AbstractJavaProjectConfigurator - Adding source folder /ecommerce.loja/src/test/java
2026-06-19 01:34:39,427 [Worker-37: Updating Maven Project] INFO  o.e.m.j.i.AbstractJavaProjectConfigurator - Adding resource folder /ecommerce.loja/src/test/resources
2026-06-19 01:34:39,855 [Worker-37: Updating Maven Project] INFO  o.e.m.j.i.AbstractJavaProjectConfigurator - Adding source folder /ecommerce.pagamento/src/main/java
2026-06-19 01:34:39,856 [Worker-37: Updating Maven Project] INFO  o.e.m.j.i.AbstractJavaProjectConfigurator - Adding resource folder /ecommerce.pagamento/src/main/resources
2026-06-19 01:34:39,871 [Worker-37: Updating Maven Project] INFO  o.e.m.j.i.AbstractJavaProjectConfigurator - Adding resource folder /ecommerce.pagamento/src/main/resources
2026-06-19 01:34:39,902 [Worker-37: Updating Maven Project] INFO  o.e.m.j.i.AbstractJavaProjectConfigurator - Adding source folder /ecommerce.pagamento/src/test/java
2026-06-19 01:34:39,903 [Worker-37: Updating Maven Project] INFO  o.e.m.j.i.AbstractJavaProjectConfigurator - Adding resource folder /ecommerce.pagamento/src/test/resources
2026-06-19 01:34:40,289 [Worker-37: Updating Maven Project] INFO  o.e.m.j.i.AbstractJavaProjectConfigurator - Adding source folder /ecommerce.produtos/src/main/java
2026-06-19 01:34:40,289 [Worker-37: Updating Maven Project] INFO  o.e.m.j.i.AbstractJavaProjectConfigurator - Adding resource folder /ecommerce.produtos/src/main/resources
2026-06-19 01:34:40,304 [Worker-37: Updating Maven Project] INFO  o.e.m.j.i.AbstractJavaProjectConfigurator - Adding resource folder /ecommerce.produtos/src/main/resources
2026-06-19 01:34:40,324 [Worker-37: Updating Maven Project] INFO  o.e.m.j.i.AbstractJavaProjectConfigurator - Adding source folder /ecommerce.produtos/src/test/java
2026-06-19 01:34:40,324 [Worker-37: Updating Maven Project] INFO  o.e.m.j.i.AbstractJavaProjectConfigurator - Adding resource folder /ecommerce.produtos/src/test/resources
2026-06-19 01:34:41,556 [Worker-37: Updating Maven Project] INFO  o.e.m.c.i.p.ProjectConfigurationManager - Update completed: 11 sec
2026-06-19 01:34:43,378 [Worker-39: Building] INFO  o.a.m.s.f.DefaultMavenResourcesFiltering - Copying 0 resource from src\main\resources to target\classes
2026-06-19 01:34:43,379 [Worker-39: Building] INFO  o.a.m.s.f.DefaultMavenResourcesFiltering - Copying 0 resource from src\main\resources to target\classes
2026-06-19 01:34:43,385 [Worker-39: Building] INFO  o.a.m.s.f.DefaultMavenResourcesFiltering - Copying 0 resource from src\test\resources to target\test-classes
2026-06-19 01:34:46,893 [Worker-35: Building] INFO  o.a.m.s.f.DefaultMavenResourcesFiltering - Copying 0 resource from src\main\resources to target\classes
2026-06-19 01:34:46,894 [Worker-35: Building] INFO  o.a.m.s.f.DefaultMavenResourcesFiltering - Copying 0 resource from src\main\resources to target\classes
2026-06-19 01:34:46,898 [Worker-35: Building] INFO  o.a.m.s.f.DefaultMavenResourcesFiltering - Copying 0 resource from src\test\resources to target\test-classes
2026-06-19 01:34:47,872 [Worker-37: Building] INFO  o.a.m.s.f.DefaultMavenResourcesFiltering - Copying 0 resource from src\main\resources to target\classes
2026-06-19 01:34:47,872 [Worker-37: Building] INFO  o.a.m.s.f.DefaultMavenResourcesFiltering - Copying 0 resource from src\main\resources to target\classes
2026-06-19 01:34:47,875 [Worker-37: Building] INFO  o.a.m.s.f.DefaultMavenResourcesFiltering - Copying 0 resource from src\test\resources to target\test-classes
2026-06-19 01:34:48,685 [Worker-37: Building] INFO  o.a.m.s.f.DefaultMavenResourcesFiltering - Copying 0 resource from src\main\resources to target\classes
2026-06-19 01:34:48,686 [Worker-37: Building] INFO  o.a.m.s.f.DefaultMavenResourcesFiltering - Copying 0 resource from src\main\resources to target\classes
2026-06-19 01:34:48,689 [Worker-37: Building] INFO  o.a.m.s.f.DefaultMavenResourcesFiltering - Copying 0 resource from src\test\resources to target\test-classes
2026-06-19 01:34:49,341 [Worker-37: Building] INFO  o.e.m.c.i.p.WorkspaceClassifierResolverManager - Resolving P/ecommerce.pagamento: br.edu.utfpr.td.tsi:ecommerce.produtos:0.0.1-SNAPSHOT with classifier  to /ecommerce.pagamento/target/classes
2026-06-19 01:34:49,353 [Worker-37: Building] INFO  o.a.m.s.f.DefaultMavenResourcesFiltering - Copying 0 resource from src\main\resources to target\classes
2026-06-19 01:34:49,355 [Worker-37: Building] INFO  o.a.m.s.f.DefaultMavenResourcesFiltering - Copying 0 resource from src\main\resources to target\classes
2026-06-19 01:34:49,363 [Worker-37: Building] INFO  o.a.m.s.f.DefaultMavenResourcesFiltering - Copying 0 resource from src\test\resources to target\test-classes
2026-06-19 01:34:50,266 [Worker-31: Building] INFO  o.a.m.s.f.DefaultMavenResourcesFiltering - Copying 0 resource from src\main\resources to target\classes
2026-06-19 01:34:50,266 [Worker-31: Building] INFO  o.a.m.s.f.DefaultMavenResourcesFiltering - Copying 0 resource from src\main\resources to target\classes
2026-06-19 01:34:50,269 [Worker-31: Building] INFO  o.a.m.s.f.DefaultMavenResourcesFiltering - Copying 0 resource from src\test\resources to target\test-classes
2026-06-19 01:34:51,098 [Worker-31: Building] INFO  o.a.m.s.f.DefaultMavenResourcesFiltering - Copying 0 resource from src\main\resources to target\classes
2026-06-19 01:34:51,099 [Worker-31: Building] INFO  o.a.m.s.f.DefaultMavenResourcesFiltering - Copying 0 resource from src\main\resources to target\classes
2026-06-19 01:34:51,107 [Worker-31: Building] INFO  o.a.m.s.f.DefaultMavenResourcesFiltering - Copying 0 resource from src\test\resources to target\test-classes
2026-06-19 01:36:21,437 [Worker-36: Building] INFO  o.a.m.s.f.DefaultMavenResourcesFiltering - Copying 0 resource from src\main\resources to target\classes
2026-06-19 01:36:21,463 [Worker-36: Building] INFO  o.a.m.s.f.DefaultMavenResourcesFiltering - Copying 0 resource from src\main\resources to target\classes
2026-06-19 01:36:21,538 [Worker-36: Building] INFO  o.a.m.s.f.DefaultMavenResourcesFiltering - Copying 0 resource from src\test\resources to target\test-classes
2026-06-19 01:48:36,235 [Worker-45: Building] INFO  o.e.m.c.i.l.LifecycleMappingFactory - Using org.eclipse.m2e.jdt.JarLifecycleMapping lifecycle mapping for MavenProject: br.edu.utfpr.td.tsi:ecommerce.loja:0.0.1-SNAPSHOT @ C:\Users\Particular\Desktop\A2ASD\ecommerce.loja\pom.xml.
2026-06-19 01:48:36,777 [Worker-45: Building] INFO  o.e.m.c.i.p.WorkspaceClassifierResolverManager - Resolving P/ecommerce.pagamento: br.edu.utfpr.td.tsi:ecommerce.produtos:0.0.1-SNAPSHOT with classifier  to /ecommerce.pagamento/target/classes
2026-06-19 01:48:38,057 [Worker-45: Building] INFO  o.a.m.s.f.DefaultMavenResourcesFiltering - Copying 0 resource from src\main\resources to target\classes
2026-06-19 01:48:38,059 [Worker-45: Building] INFO  o.a.m.s.f.DefaultMavenResourcesFiltering - Copying 0 resource from src\main\resources to target\classes
2026-06-19 01:48:38,063 [Worker-45: Building] INFO  o.a.m.s.f.DefaultMavenResourcesFiltering - Copying 0 resource from src\test\resources to target\test-classes
2026-06-19 01:48:50,817 [Worker-45: Updating Maven Project] INFO  o.e.m.c.i.p.ProjectConfigurationManager - Update started
2026-06-19 01:48:55,597 [Worker-45: Updating Maven Project] INFO  o.e.m.c.i.l.LifecycleMappingFactory - Using org.eclipse.m2e.jdt.JarLifecycleMapping lifecycle mapping for MavenProject: br.edu.utfpr.td.tsi:ecommerce.loja:0.0.1-SNAPSHOT @ C:\Users\Particular\Desktop\A2ASD\ecommerce.loja\pom.xml.
2026-06-19 01:48:55,954 [Worker-45: Updating Maven Project] INFO  o.e.m.c.i.p.WorkspaceClassifierResolverManager - Resolving P/ecommerce.pagamento: br.edu.utfpr.td.tsi:ecommerce.produtos:0.0.1-SNAPSHOT with classifier  to /ecommerce.pagamento/target/classes
2026-06-19 01:48:56,094 [Worker-45: Updating Maven Project] INFO  o.e.m.c.i.l.LifecycleMappingFactory - Using org.eclipse.m2e.jdt.JarLifecycleMapping lifecycle mapping for MavenProject: br.edu.utfpr.td.tsi:ecommerce.produtos:0.0.1-SNAPSHOT @ C:\Users\Particular\Desktop\A2ASD\ecommerce.pagamento\pom.xml.
2026-06-19 01:48:56,203 [Worker-45: Updating Maven Project] INFO  o.e.m.c.i.l.LifecycleMappingFactory - Using org.eclipse.m2e.jdt.JarLifecycleMapping lifecycle mapping for MavenProject: br.edu.utfpr.td.tsi:ecommerce.produtos:0.0.1-SNAPSHOT @ C:\Users\Particular\Desktop\A2ASD\ecommerce.produtos\pom.xml.
2026-06-19 01:48:56,352 [Worker-45: Updating Maven Project] INFO  o.e.m.c.i.l.LifecycleMappingFactory - Using org.eclipse.m2e.jdt.JarLifecycleMapping lifecycle mapping for MavenProject: br.edu.utfpr.td.tsi:ecommerce.entrega:0.0.1-SNAPSHOT @ C:\Users\Particular\Desktop\A2ASD\ecommerce.entrega\pom.xml.
2026-06-19 01:48:56,468 [Worker-45: Updating Maven Project] INFO  o.e.m.c.i.l.LifecycleMappingFactory - Using org.eclipse.m2e.jdt.JarLifecycleMapping lifecycle mapping for MavenProject: br.edu.utfpr.td.tsi:ecommerce.fiscal:0.0.1-SNAPSHOT @ C:\Users\Particular\Desktop\A2ASD\ecommerce.fiscal\pom.xml.
2026-06-19 01:48:58,266 [Worker-45: Updating Maven Project] INFO  o.e.m.j.i.AbstractJavaProjectConfigurator - Adding source folder /ecommerce.loja/src/main/java
2026-06-19 01:48:58,267 [Worker-45: Updating Maven Project] INFO  o.e.m.j.i.AbstractJavaProjectConfigurator - Adding resource folder /ecommerce.loja/src/main/resources
2026-06-19 01:48:58,267 [Worker-45: Updating Maven Project] INFO  o.e.m.j.i.AbstractJavaProjectConfigurator - Adding resource folder /ecommerce.loja/src/main/resources
2026-06-19 01:48:58,268 [Worker-45: Updating Maven Project] INFO  o.e.m.j.i.AbstractJavaProjectConfigurator - Adding source folder /ecommerce.loja/src/test/java
2026-06-19 01:48:58,268 [Worker-45: Updating Maven Project] INFO  o.e.m.j.i.AbstractJavaProjectConfigurator - Adding resource folder /ecommerce.loja/src/test/resources
2026-06-19 01:48:59,324 [Worker-45: Updating Maven Project] INFO  o.e.m.c.i.p.ProjectConfigurationManager - Update completed: 8 sec
2026-06-19 01:49:00,793 [Worker-43: Building] INFO  o.a.m.s.f.DefaultMavenResourcesFiltering - Copying 0 resource from src\main\resources to target\classes
2026-06-19 01:49:00,795 [Worker-43: Building] INFO  o.a.m.s.f.DefaultMavenResourcesFiltering - Copying 0 resource from src\main\resources to target\classes
2026-06-19 01:49:00,804 [Worker-43: Building] INFO  o.a.m.s.f.DefaultMavenResourcesFiltering - Copying 0 resource from src\test\resources to target\test-classes
2026-06-19 01:49:02,013 [Worker-43: Building] INFO  o.a.m.s.f.DefaultMavenResourcesFiltering - Copying 0 resource from src\main\resources to target\classes
2026-06-19 01:49:02,014 [Worker-43: Building] INFO  o.a.m.s.f.DefaultMavenResourcesFiltering - Copying 0 resource from src\main\resources to target\classes
2026-06-19 01:49:02,016 [Worker-43: Building] INFO  o.a.m.s.f.DefaultMavenResourcesFiltering - Copying 0 resource from src\test\resources to target\test-classes
2026-06-19 01:49:03,404 [Worker-43: Building] INFO  o.a.m.s.f.DefaultMavenResourcesFiltering - Copying 0 resource from src\main\resources to target\classes
2026-06-19 01:49:03,407 [Worker-43: Building] INFO  o.a.m.s.f.DefaultMavenResourcesFiltering - Copying 0 resource from src\main\resources to target\classes
2026-06-19 01:49:03,420 [Worker-43: Building] INFO  o.a.m.s.f.DefaultMavenResourcesFiltering - Copying 0 resource from src\test\resources to target\test-classes
2026-06-19 01:49:08,163 [Worker-46: Building] INFO  o.e.m.c.i.p.WorkspaceClassifierResolverManager - Resolving P/ecommerce.pagamento: br.edu.utfpr.td.tsi:ecommerce.produtos:0.0.1-SNAPSHOT with classifier  to /ecommerce.pagamento/target/classes
2026-06-19 01:49:08,239 [Worker-46: Building] INFO  o.a.m.s.f.DefaultMavenResourcesFiltering - Copying 0 resource from src\main\resources to target\classes
2026-06-19 01:49:08,240 [Worker-46: Building] INFO  o.a.m.s.f.DefaultMavenResourcesFiltering - Copying 0 resource from src\main\resources to target\classes
2026-06-19 01:49:08,242 [Worker-46: Building] INFO  o.a.m.s.f.DefaultMavenResourcesFiltering - Copying 0 resource from src\test\resources to target\test-classes
2026-06-19 01:49:10,651 [Worker-45: Building] INFO  o.a.m.s.f.DefaultMavenResourcesFiltering - Copying 0 resource from src\main\resources to target\classes
2026-06-19 01:49:10,652 [Worker-45: Building] INFO  o.a.m.s.f.DefaultMavenResourcesFiltering - Copying 0 resource from src\main\resources to target\classes
2026-06-19 01:49:10,659 [Worker-45: Building] INFO  o.a.m.s.f.DefaultMavenResourcesFiltering - Copying 0 resource from src\test\resources to target\test-classes
2026-06-19 01:58:39,370 [Worker-48: Building] INFO  o.a.m.s.f.DefaultMavenResourcesFiltering - Copying 0 resource from src\main\resources to target\classes
2026-06-19 01:58:39,399 [Worker-48: Building] INFO  o.a.m.s.f.DefaultMavenResourcesFiltering - Copying 0 resource from src\main\resources to target\classes
